This is pdfTeX, Version 3.14159265-2.6-1.40.20 (MiKTeX 2.9.7000 64-bit) (preloaded format=pdflatex 2019.4.8)  8 APR 2019 15:32
entering extended mode
**./transfer_report.tex
(transfer_report.tex
LaTeX2e <2018-12-01>
("C:\Users\AlexLW\AppData\Local\Programs\MiKTeX 2.9\tex/latex/base\report.cls"
Document Class: report 2018/09/03 v1.4i Standard LaTeX document class
("C:\Users\AlexLW\AppData\Local\Programs\MiKTeX 2.9\tex/latex/base\size12.clo"
File: size12.clo 2018/09/03 v1.4i Standard LaTeX file (size option)
)
\c@part=\count80
\c@chapter=\count81
\c@section=\count82
\c@subsection=\count83
\c@subsubsection=\count84
\c@paragraph=\count85
\c@subparagraph=\count86
\c@figure=\count87
\c@table=\count88
\abovecaptionskip=\skip41
\belowcaptionskip=\skip42
\bibindent=\dimen102
)
("C:\Users\AlexLW\AppData\Local\Programs\MiKTeX 2.9\tex/generic/babel\babel.sty
"
Package: babel 2019/04/01 3.28 The Babel package

("C:\Users\AlexLW\AppData\Local\Programs\MiKTeX 2.9\tex/generic/babel\switch.de
f"
File: switch.def 2019/04/01 3.28 Babel switching mechanism
)
*************************************
* Local config file bblopts.cfg used
*
("C:\Users\AlexLW\AppData\Local\Programs\MiKTeX 2.9\tex/latex/arabi\bblopts.cfg
"
File: bblopts.cfg 2005/09/08 v0.1 add Arabic and Farsi to "declared" options of
 babel
)
("C:\Users\AlexLW\AppData\Local\Programs\MiKTeX 2.9\tex/latex/babel-english\eng
lish.ldf"
Language: english 2017/06/06 v3.3r English support from the babel system

("C:\Users\AlexLW\AppData\Local\Programs\MiKTeX 2.9\tex/generic/babel\babel.def
"
File: babel.def 2019/04/01 3.28 Babel common definitions
\babel@savecnt=\count89
\U@D=\dimen103

("C:\Users\AlexLW\AppData\Local\Programs\MiKTeX 2.9\tex/generic/babel\txtbabel.
def")
\bbl@dirlevel=\count90
)
\l@canadian = a dialect from \language\l@american 
\l@australian = a dialect from \language\l@british 
\l@newzealand = a dialect from \language\l@british 
))
("C:\Users\AlexLW\AppData\Local\Programs\MiKTeX 2.9\tex/latex/base\inputenc.sty
"
Package: inputenc 2018/08/11 v1.3c Input encoding file
\inpenc@prehook=\toks14
\inpenc@posthook=\toks15
 ("C:\Users\AlexLW\AppData\Local\Programs\MiKTeX 2.9\tex/latex/ucs\utf8x.def"
File: utf8x.def 2004/10/17 UCS: Input encoding UTF-8
)) ("C:\Users\AlexLW\AppData\Local\Programs\MiKTeX 2.9\tex/latex/ucs\ucs.sty"
Package: ucs 2013/05/11 v2.2 UCS: Unicode input support

("C:\Users\AlexLW\AppData\Local\Programs\MiKTeX 2.9\tex/latex/ucs\uni-global.de
f"
File: uni-global.def 2013/05/13 UCS: Unicode global data
)
\uc@secondtry=\count91
\uc@combtoks=\toks16
\uc@combtoksb=\toks17
\uc@temptokena=\toks18
)
("C:\Users\AlexLW\AppData\Local\Programs\MiKTeX 2.9\tex/latex/base\fontenc.sty"
Package: fontenc 2018/08/11 v2.0j Standard LaTeX package
("C:\Users\AlexLW\AppData\Local\Programs\MiKTeX 2.9\tex/latex/base\t1enc.def"
File: t1enc.def 2018/08/11 v2.0j Standard LaTeX file
LaTeX Font Info:    Redeclaring font encoding T1 on input line 48.
))
("C:\Users\AlexLW\AppData\Local\Programs\MiKTeX 2.9\tex/latex/graphics\graphicx
.sty"
Package: graphicx 2017/06/01 v1.1a Enhanced LaTeX Graphics (DPC,SPQR)

("C:\Users\AlexLW\AppData\Local\Programs\MiKTeX 2.9\tex/latex/graphics\keyval.s
ty"
Package: keyval 2014/10/28 v1.15 key=value parser (DPC)
\KV@toks@=\toks19
)
("C:\Users\AlexLW\AppData\Local\Programs\MiKTeX 2.9\tex/latex/graphics\graphics
.sty"
Package: graphics 2017/06/25 v1.2c Standard LaTeX Graphics (DPC,SPQR)

("C:\Users\AlexLW\AppData\Local\Programs\MiKTeX 2.9\tex/latex/graphics\trig.sty
"
Package: trig 2016/01/03 v1.10 sin cos tan (DPC)
)
("C:\Users\AlexLW\AppData\Local\Programs\MiKTeX 2.9\tex/latex/graphics-cfg\grap
hics.cfg"
File: graphics.cfg 2016/06/04 v1.11 sample graphics configuration
)
Package graphics Info: Driver file: pdftex.def on input line 99.

("C:\Users\AlexLW\AppData\Local\Programs\MiKTeX 2.9\tex/latex/graphics-def\pdft
ex.def"
File: pdftex.def 2018/01/08 v1.0l Graphics/color driver for pdftex
))
\Gin@req@height=\dimen104
\Gin@req@width=\dimen105
)
("C:\Users\AlexLW\AppData\Local\Programs\MiKTeX 2.9\tex/latex/was\upgreek.sty"
Package: upgreek 2003/02/12 v2.0 (WaS)
Package upgreek Info: Using Euler Roman for upright Greek on input line 31.
\symugrf@m=\mathgroup4
LaTeX Font Info:    Overwriting symbol font `ugrf@m' in version `bold'
(Font)                  U/eur/m/n --> U/eur/b/n on input line 38.
) ("C:\Users\AlexLW\AppData\Local\Programs\MiKTeX 2.9\tex/latex/float\float.sty
"
Package: float 2001/11/08 v1.3d Float enhancements (AL)
\c@float@type=\count92
\float@exts=\toks20
\float@box=\box27
\@float@everytoks=\toks21
\@floatcapt=\box28
)
("C:\Users\AlexLW\AppData\Local\Programs\MiKTeX 2.9\tex/latex/natbib\natbib.sty
"
Package: natbib 2010/09/13 8.31b (PWD, AO)
\bibhang=\skip43
\bibsep=\skip44
LaTeX Info: Redefining \cite on input line 694.
\c@NAT@ctr=\count93
)
("C:\Users\AlexLW\AppData\Local\Programs\MiKTeX 2.9\tex/latex/amsmath\amsmath.s
ty"
Package: amsmath 2018/12/01 v2.17b AMS math features
\@mathmargin=\skip45

For additional information on amsmath, use the `?' option.

("C:\Users\AlexLW\AppData\Local\Programs\MiKTeX 2.9\tex/latex/amsmath\amstext.s
ty"
Package: amstext 2000/06/29 v2.01 AMS text

("C:\Users\AlexLW\AppData\Local\Programs\MiKTeX 2.9\tex/latex/amsmath\amsgen.st
y"
File: amsgen.sty 1999/11/30 v2.0 generic functions
\@emptytoks=\toks22
\ex@=\dimen106
))
("C:\Users\AlexLW\AppData\Local\Programs\MiKTeX 2.9\tex/latex/amsmath\amsbsy.st
y"
Package: amsbsy 1999/11/29 v1.2d Bold Symbols
\pmbraise@=\dimen107
)
("C:\Users\AlexLW\AppData\Local\Programs\MiKTeX 2.9\tex/latex/amsmath\amsopn.st
y"
Package: amsopn 2016/03/08 v2.02 operator names
)
\inf@bad=\count94
LaTeX Info: Redefining \frac on input line 223.
\uproot@=\count95
\leftroot@=\count96
LaTeX Info: Redefining \overline on input line 385.
\classnum@=\count97
\DOTSCASE@=\count98
LaTeX Info: Redefining \ldots on input line 482.
LaTeX Info: Redefining \dots on input line 485.
LaTeX Info: Redefining \cdots on input line 606.
\Mathstrutbox@=\box29
\strutbox@=\box30
\big@size=\dimen108
LaTeX Font Info:    Redeclaring font encoding OML on input line 729.
LaTeX Font Info:    Redeclaring font encoding OMS on input line 730.
\macc@depth=\count99
\c@MaxMatrixCols=\count100
\dotsspace@=\muskip10
\c@parentequation=\count101
\dspbrk@lvl=\count102
\tag@help=\toks23
\row@=\count103
\column@=\count104
\maxfields@=\count105
\andhelp@=\toks24
\eqnshift@=\dimen109
\alignsep@=\dimen110
\tagshift@=\dimen111
\tagwidth@=\dimen112
\totwidth@=\dimen113
\lineht@=\dimen114
\@envbody=\toks25
\multlinegap=\skip46
\multlinetaggap=\skip47
\mathdisplay@stack=\toks26
LaTeX Info: Redefining \[ on input line 2844.
LaTeX Info: Redefining \] on input line 2845.
)
("C:\Users\AlexLW\AppData\Local\Programs\MiKTeX 2.9\tex/latex/amsfonts\amssymb.
sty"
Package: amssymb 2013/01/14 v3.01 AMS font symbols

("C:\Users\AlexLW\AppData\Local\Programs\MiKTeX 2.9\tex/latex/amsfonts\amsfonts
.sty"
Package: amsfonts 2013/01/14 v3.01 Basic AMSFonts support
\symAMSa=\mathgroup5
\symAMSb=\mathgroup6
LaTeX Font Info:    Overwriting math alphabet `\mathfrak' in version `bold'
(Font)                  U/euf/m/n --> U/euf/b/n on input line 106.
))
("C:\Users\AlexLW\AppData\Local\Programs\MiKTeX 2.9\tex/latex/tools\tabularx.st
y"
Package: tabularx 2016/02/03 v2.11b `tabularx' package (DPC)
 ("C:\Users\AlexLW\AppData\Local\Programs\MiKTeX 2.9\tex/latex/tools\array.sty"
Package: array 2018/12/30 v2.4k Tabular extension package (FMi)
\col@sep=\dimen115
\ar@mcellbox=\box31
\extrarowheight=\dimen116
\NC@list=\toks27
\extratabsurround=\skip48
\backup@length=\skip49
\ar@cellbox=\box32
)
\TX@col@width=\dimen117
\TX@old@table=\dimen118
\TX@old@col=\dimen119
\TX@target=\dimen120
\TX@delta=\dimen121
\TX@cols=\count106
\TX@ftn=\toks28
)
("C:\Users\AlexLW\AppData\Local\Programs\MiKTeX 2.9\tex/latex/ms\ragged2e.sty"
Package: ragged2e 2009/05/21 v2.1 ragged2e Package (MS)

("C:\Users\AlexLW\AppData\Local\Programs\MiKTeX 2.9\tex/latex/ms\everysel.sty"
Package: everysel 2011/10/28 v1.2 EverySelectfont Package (MS)
)
\CenteringLeftskip=\skip50
\RaggedLeftLeftskip=\skip51
\RaggedRightLeftskip=\skip52
\CenteringRightskip=\skip53
\RaggedLeftRightskip=\skip54
\RaggedRightRightskip=\skip55
\CenteringParfillskip=\skip56
\RaggedLeftParfillskip=\skip57
\RaggedRightParfillskip=\skip58
\JustifyingParfillskip=\skip59
\CenteringParindent=\skip60
\RaggedLeftParindent=\skip61
\RaggedRightParindent=\skip62
\JustifyingParindent=\skip63
)
("C:\Users\AlexLW\AppData\Local\Programs\MiKTeX 2.9\tex/latex/booktabs\booktabs
.sty"
Package: booktabs 2005/04/14 v1.61803 publication quality tables
\heavyrulewidth=\dimen122
\lightrulewidth=\dimen123
\cmidrulewidth=\dimen124
\belowrulesep=\dimen125
\belowbottomsep=\dimen126
\aboverulesep=\dimen127
\abovetopsep=\dimen128
\cmidrulesep=\dimen129
\cmidrulekern=\dimen130
\defaultaddspace=\dimen131
\@cmidla=\count107
\@cmidlb=\count108
\@aboverulesep=\dimen132
\@belowrulesep=\dimen133
\@thisruleclass=\count109
\@lastruleclass=\count110
\@thisrulewidth=\dimen134
)
("C:\Users\AlexLW\AppData\Local\Programs\MiKTeX 2.9\tex/latex/caption\caption.s
ty"
Package: caption 2018/10/06 v3.3-154 Customizing captions (AR)

("C:\Users\AlexLW\AppData\Local\Programs\MiKTeX 2.9\tex/latex/caption\caption3.
sty"
Package: caption3 2018/09/12 v1.8c caption3 kernel (AR)
Package caption3 Info: TeX engine: e-TeX on input line 64.
\captionmargin=\dimen135
\captionmargin@=\dimen136
\captionwidth=\dimen137
\caption@tempdima=\dimen138
\caption@indent=\dimen139
\caption@parindent=\dimen140
\caption@hangindent=\dimen141
)
\c@caption@flags=\count111
\c@ContinuedFloat=\count112
Package caption Info: float package is loaded.
)
("C:\Users\AlexLW\AppData\Local\Programs\MiKTeX 2.9\tex/latex/setspace\setspace
.sty"
Package: setspace 2011/12/19 v6.7a set line spacing
)
("C:\Users\AlexLW\AppData\Local\Programs\MiKTeX 2.9\tex/latex/oberdiek\epstopdf
.sty"
Package: epstopdf 2016/05/15 v2.6 Conversion with epstopdf on the fly (HO)

("C:\Users\AlexLW\AppData\Local\Programs\MiKTeX 2.9\tex/latex/oberdiek\epstopdf
-base.sty"
Package: epstopdf-base 2016/05/15 v2.6 Base part for package epstopdf

("C:\Users\AlexLW\AppData\Local\Programs\MiKTeX 2.9\tex/generic/oberdiek\infwar
err.sty"
Package: infwarerr 2016/05/16 v1.4 Providing info/warning/error messages (HO)
)
("C:\Users\AlexLW\AppData\Local\Programs\MiKTeX 2.9\tex/latex/oberdiek\grfext.s
ty"
Package: grfext 2016/05/16 v1.2 Manage graphics extensions (HO)

("C:\Users\AlexLW\AppData\Local\Programs\MiKTeX 2.9\tex/generic/oberdiek\kvdefi
nekeys.sty"
Package: kvdefinekeys 2016/05/16 v1.4 Define keys (HO)

("C:\Users\AlexLW\AppData\Local\Programs\MiKTeX 2.9\tex/generic/oberdiek\ltxcmd
s.sty"
Package: ltxcmds 2016/05/16 v1.23 LaTeX kernel commands for general use (HO)
)))
("C:\Users\AlexLW\AppData\Local\Programs\MiKTeX 2.9\tex/latex/oberdiek\kvoption
s.sty"
Package: kvoptions 2016/05/16 v3.12 Key value format for package options (HO)

("C:\Users\AlexLW\AppData\Local\Programs\MiKTeX 2.9\tex/generic/oberdiek\kvsetk
eys.sty"
Package: kvsetkeys 2016/05/16 v1.17 Key value parser (HO)

("C:\Users\AlexLW\AppData\Local\Programs\MiKTeX 2.9\tex/generic/oberdiek\etexcm
ds.sty"
Package: etexcmds 2016/05/16 v1.6 Avoid name clashes with e-TeX commands (HO)

("C:\Users\AlexLW\AppData\Local\Programs\MiKTeX 2.9\tex/generic/oberdiek\ifluat
ex.sty"
Package: ifluatex 2016/05/16 v1.4 Provides the ifluatex switch (HO)
Package ifluatex Info: LuaTeX not detected.
))))
("C:\Users\AlexLW\AppData\Local\Programs\MiKTeX 2.9\tex/generic/oberdiek\pdftex
cmds.sty"
Package: pdftexcmds 2018/09/10 v0.29 Utility functions of pdfTeX for LuaTeX (HO
)

("C:\Users\AlexLW\AppData\Local\Programs\MiKTeX 2.9\tex/generic/oberdiek\ifpdf.
sty"
Package: ifpdf 2018/09/07 v3.3 Provides the ifpdf switch
)
Package pdftexcmds Info: LuaTeX not detected.
Package pdftexcmds Info: \pdf@primitive is available.
Package pdftexcmds Info: \pdf@ifprimitive is available.
Package pdftexcmds Info: \pdfdraftmode found.
)
Package epstopdf-base Info: Redefining graphics rule for `.eps' on input line 4
38.
Package grfext Info: Graphics extension search list:
(grfext)             [.pdf,.png,.jpg,.mps,.jpeg,.jbig2,.jb2,.PDF,.PNG,.JPG,.JPE
G,.JBIG2,.JB2,.eps]
(grfext)             \AppendGraphicsExtensions on input line 456.
))
("C:\Users\AlexLW\AppData\Local\Programs\MiKTeX 2.9\tex/latex/caption\subcaptio
n.sty"
Package: subcaption 2018/05/01 v1.1-162 Sub-captions (AR)
\c@subfigure=\count113
\c@subtable=\count114
)
("C:\Users\AlexLW\AppData\Local\Programs\MiKTeX 2.9\tex/latex/footmisc\footmisc
.sty"
Package: footmisc 2011/06/06 v5.5b a miscellany of footnote facilities
\FN@temptoken=\toks29
\footnotemargin=\dimen142
\c@pp@next@reset=\count115
Package footmisc Info: Declaring symbol style bringhurst on input line 855.
Package footmisc Info: Declaring symbol style chicago on input line 863.
Package footmisc Info: Declaring symbol style wiley on input line 872.
Package footmisc Info: Declaring symbol style lamport-robust on input line 883.

Package footmisc Info: Declaring symbol style lamport* on input line 903.
Package footmisc Info: Declaring symbol style lamport*-robust on input line 924
.
) (transfer_report.aux)
\openout1 = `transfer_report.aux'.

LaTeX Font Info:    Checking defaults for OML/cmm/m/it on input line 83.
LaTeX Font Info:    ... okay on input line 83.
LaTeX Font Info:    Checking defaults for T1/cmr/m/n on input line 83.
LaTeX Font Info:    ... okay on input line 83.
LaTeX Font Info:    Checking defaults for OT1/cmr/m/n on input line 83.
LaTeX Font Info:    ... okay on input line 83.
LaTeX Font Info:    Checking defaults for OMS/cmsy/m/n on input line 83.
LaTeX Font Info:    ... okay on input line 83.
LaTeX Font Info:    Checking defaults for OMX/cmex/m/n on input line 83.
LaTeX Font Info:    ... okay on input line 83.
LaTeX Font Info:    Checking defaults for U/cmr/m/n on input line 83.
LaTeX Font Info:    ... okay on input line 83.

("C:\Users\AlexLW\AppData\Local\Programs\MiKTeX 2.9\tex/latex/ucs\ucsencs.def"
File: ucsencs.def 2011/01/21 Fixes to fontencodings LGR, T3
)
("C:\Users\AlexLW\AppData\Local\Programs\MiKTeX 2.9\tex/context/base/mkii\supp-
pdf.mkii"
[Loading MPS to PDF converter (version 2006.09.02).]
\scratchcounter=\count116
\scratchdimen=\dimen143
\scratchbox=\box33
\nofMPsegments=\count117
\nofMParguments=\count118
\everyMPshowfont=\toks30
\MPscratchCnt=\count119
\MPscratchDim=\dimen144
\MPnumerator=\count120
\makeMPintoPDFobject=\count121
\everyMPtoPDFconversion=\toks31
) ABD: EverySelectfont initializing macros
LaTeX Info: Redefining \selectfont on input line 83.
Package caption Info: Begin \AtBeginDocument code.
Package caption Info: End \AtBeginDocument code.
 [1

{C:/Users/AlexLW/AppData/Local/MiKTeX/2.9/pdftex/config/pdftex.map}]
LaTeX Font Info:    Try loading font information for U+msa on input line 115.

("C:\Users\AlexLW\AppData\Local\Programs\MiKTeX 2.9\tex/latex/amsfonts\umsa.fd"
File: umsa.fd 2013/01/14 v3.01 AMS symbols A
)
LaTeX Font Info:    Try loading font information for U+msb on input line 115.
 ("C:\Users\AlexLW\AppData\Local\Programs\MiKTeX 2.9\tex/latex/amsfonts\umsb.fd
"
File: umsb.fd 2013/01/14 v3.01 AMS symbols B
) [1]
Chapter 1.
[1

] [2] [3] [4] [5]
Chapter 2.
[6

] [7]
Chapter 3.
[8

] [9] [10] [11]
Chapter 4.
<../mu_test_data/mu_test_graphs/eq_logL=2p1231_He3_radius_gradient_Dthl_color_c
rop.png, id=62, 393.1488pt x 292.6935pt>
File: ../mu_test_data/mu_test_graphs/eq_logL=2p1231_He3_radius_gradient_Dthl_co
lor_crop.png Graphic file (type png)
<use ../mu_test_data/mu_test_graphs/eq_logL=2p1231_He3_radius_gradient_Dthl_col
or_crop.png>
Package pdftex.def Info: ../mu_test_data/mu_test_graphs/eq_logL=2p1231_He3_radi
us_gradient_Dthl_color_crop.png  used on input line 382.
(pdftex.def)             Requested size: 275.20229pt x 204.88405pt.
[12

] [13 <../mu_test_data/mu_test_graphs/eq_logL=2p1231_He3_radius_gradient_Dthl_c
olor_crop.png>]
<../mu_test_data/mu_test_graphs/burning_logL=2p1231_5species.png, id=72, 537.80
925pt x 329.43076pt>
File: ../mu_test_data/mu_test_graphs/burning_logL=2p1231_5species.png Graphic f
ile (type png)
<use ../mu_test_data/mu_test_graphs/burning_logL=2p1231_5species.png>
Package pdftex.def Info: ../mu_test_data/mu_test_graphs/burning_logL=2p1231_5sp
ecies.png  used on input line 421.
(pdftex.def)             Requested size: 430.24797pt x 263.54495pt.
<../mu_test_data/mu_test_graphs/eq_logL=2p1231_time_diff_eq_Dvar_10dt_dmu_k_lim
_crop.png, id=73, 531.9072pt x 291.9708pt>
File: ../mu_test_data/mu_test_graphs/eq_logL=2p1231_time_diff_eq_Dvar_10dt_dmu_
k_lim_crop.png Graphic file (type png)
<use ../mu_test_data/mu_test_graphs/eq_logL=2p1231_time_diff_eq_Dvar_10dt_dmu_k
_lim_crop.png>
Package pdftex.def Info: ../mu_test_data/mu_test_graphs/eq_logL=2p1231_time_dif
f_eq_Dvar_10dt_dmu_k_lim_crop.png  used on input line 433.
(pdftex.def)             Requested size: 372.33249pt x 204.37816pt.
 [14 <../mu_test_data/mu_test_graphs/burning_logL=2p1231_5species.png>] [15 <..
/mu_test_data/mu_test_graphs/eq_logL=2p1231_time_diff_eq_Dvar_10dt_dmu_k_lim_cr
op.png>]
Overfull \hbox (41.85635pt too wide) in paragraph at lines 455--496
 [] 
 []

<../HubWFC/Hub_graphs/AHub_logg=5p0_solar_4500K_R1_only_Teff_fit_modded_plot.pd
f, id=82, 1144.64674pt x 1134.16852pt>
File: ../HubWFC/Hub_graphs/AHub_logg=5p0_solar_4500K_R1_only_Teff_fit_modded_pl
ot.pdf Graphic file (type pdf)
<use ../HubWFC/Hub_graphs/AHub_logg=5p0_solar_4500K_R1_only_Teff_fit_modded_plo
t.pdf>
Package pdftex.def Info: ../HubWFC/Hub_graphs/AHub_logg=5p0_solar_4500K_R1_only
_Teff_fit_modded_plot.pdf  used on input line 505.
(pdftex.def)             Requested size: 457.85059pt x 453.65938pt.

Overfull \hbox (16.83287pt too wide) in paragraph at lines 505--506
 [] 
 []

<../Aall_ratio_Zs_div_Z2_effect_high_logg_zoom_15000.pdf, id=83, 1304.16924pt x
 1134.16852pt>
File: ../Aall_ratio_Zs_div_Z2_effect_high_logg_zoom_15000.pdf Graphic file (typ
e pdf)
<use ../Aall_ratio_Zs_div_Z2_effect_high_logg_zoom_15000.pdf>
Package pdftex.def Info: ../Aall_ratio_Zs_div_Z2_effect_high_logg_zoom_15000.pd
f  used on input line 515.
(pdftex.def)             Requested size: 391.25378pt x 340.25317pt.

LaTeX Warning: `h' float specifier changed to `ht'.

<../Aall_ratio_all_logg_div_5p0_effect.pdf, id=84, 1258.74956pt x 1146.28973pt>

File: ../Aall_ratio_all_logg_div_5p0_effect.pdf Graphic file (type pdf)
<use ../Aall_ratio_all_logg_div_5p0_effect.pdf>
Package pdftex.def Info: ../Aall_ratio_all_logg_div_5p0_effect.pdf  used on inp
ut line 523.
(pdftex.def)             Requested size: 377.62778pt x 343.88957pt.

LaTeX Warning: `h' float specifier changed to `ht'.

<../wfc3_16_23Myr_10Gyr_complex_solar/wfc3_ATLAS9_grid_BaSTI_coverage_c16_compl
ex_Zsol_4500.pdf, id=85, 597.75824pt x 295.49771pt>
File: ../wfc3_16_23Myr_10Gyr_complex_solar/wfc3_ATLAS9_grid_BaSTI_coverage_c16_
complex_Zsol_4500.pdf Graphic file (type pdf)
<use ../wfc3_16_23Myr_10Gyr_complex_solar/wfc3_ATLAS9_grid_BaSTI_coverage_c16_c
omplex_Zsol_4500.pdf>
Package pdftex.def Info: ../wfc3_16_23Myr_10Gyr_complex_solar/wfc3_ATLAS9_grid_
BaSTI_coverage_c16_complex_Zsol_4500.pdf  used on input line 561.
(pdftex.def)             Requested size: 418.42792pt x 206.84698pt.

LaTeX Warning: `h' float specifier changed to `ht'.

[16] [17 <../HubWFC/Hub_graphs/AHub_logg=5p0_solar_4500K_R1_only_Teff_fit_modde
d_plot.pdf>]
<../wfc3_16_23Myr_10Gyr_complex_solar/wfc3_ATLAS9_grid_BaSTI_coverage_c10000_co
mplex_Zsol_4500.pdf, id=184, 597.75824pt x 295.49771pt>
File: ../wfc3_16_23Myr_10Gyr_complex_solar/wfc3_ATLAS9_grid_BaSTI_coverage_c100
00_complex_Zsol_4500.pdf Graphic file (type pdf)
<use ../wfc3_16_23Myr_10Gyr_complex_solar/wfc3_ATLAS9_grid_BaSTI_coverage_c1000
0_complex_Zsol_4500.pdf>
Package pdftex.def Info: ../wfc3_16_23Myr_10Gyr_complex_solar/wfc3_ATLAS9_grid_
BaSTI_coverage_c10000_complex_Zsol_4500.pdf  used on input line 571.
(pdftex.def)             Requested size: 418.42792pt x 206.84698pt.


LaTeX Warning: `h' float specifier changed to `ht'.

[18 <../Aall_ratio_Zs_div_Z2_effect_high_logg_zoom_15000.pdf>] [19 <../Aall_rat
io_all_logg_div_5p0_effect.pdf>] [20] [21 <../wfc3_16_23Myr_10Gyr_complex_solar
/wfc3_ATLAS9_grid_BaSTI_coverage_c16_complex_Zsol_4500.pdf> <../wfc3_16_23Myr_1
0Gyr_complex_solar/wfc3_ATLAS9_grid_BaSTI_coverage_c10000_complex_Zsol_4500.pdf


pdfTeX warning: pdflatex (file ../wfc3_16_23Myr_10Gyr_complex_solar/wfc3_ATLAS9
_grid_BaSTI_coverage_c10000_complex_Zsol_4500.pdf): PDF inclusion: multiple pdf
s with page group included in a single page
>]
Chapter 5.
[22

]
LaTeX Font Info:    Try loading font information for OMS+cmr on input line 601.


("C:\Users\AlexLW\AppData\Local\Programs\MiKTeX 2.9\tex/latex/base\omscmr.fd"
File: omscmr.fd 2014/09/29 v2.5h Standard LaTeX font definitions
)
LaTeX Font Info:    Font shape `OMS/cmr/m/n' in size <12> not available
(Font)              Font shape `OMS/cmsy/m/n' tried instead on input line 601.

(transfer_report.bbl [23] [24

]) [25] (transfer_report.aux) ) 
Here is how much of TeX's memory you used:
 5546 strings out of 492945
 86365 string characters out of 3125809
 175834 words of memory out of 3000000
 9303 multiletter control sequences out of 15000+200000
 19393 words of font info for 53 fonts, out of 3000000 for 9000
 1141 hyphenation exceptions out of 8191
 42i,19n,43p,1434b,407s stack positions out of 5000i,500n,10000p,200000b,50000s
 <C:\Users\AlexLW\AppData\Local\MiKTeX\2.9\fonts
/pk/ljfour/jknappen/ec/dpi600\ecrm1095.pk> <C:\Users\AlexLW\AppData\Local\MiKTe
X\2.9\fonts/pk/ljfour/jknappen/ec/dpi600\ecrm0800.pk> <C:\Users\AlexLW\AppData\
Local\MiKTeX\2.9\fonts/pk/ljfour/jknappen/ec/dpi600\ecsl1200.pk> <C:\Users\Alex
LW\AppData\Local\MiKTeX\2.9\fonts/pk/ljfour/jknappen/ec/dpi600\ecbx1728.pk> <C:
\Users\AlexLW\AppData\Local\MiKTeX\2.9\fonts/pk/ljfour/jknappen/ec/dpi600\ecbx2
488.pk> <C:\Users\AlexLW\AppData\Local\MiKTeX\2.9\fonts/pk/ljfour/jknappen/ec/d
pi600\ecbx1200.pk> <C:\Users\AlexLW\AppData\Local\MiKTeX\2.9\fonts/pk/ljfour/jk
nappen/ec/dpi600\ecrm1200.pk> <C:\Users\AlexLW\AppData\Local\MiKTeX\2.9\fonts/p
k/ljfour/jknappen/ec/dpi600\eccc2488.pk><C:/Users/AlexLW/AppData/Local/Programs
/MiKTeX 2.9/fonts/type1/public/amsfonts/cm/cmex10.pfb><C:/Users/AlexLW/AppData/
Local/Programs/MiKTeX 2.9/fonts/type1/public/amsfonts/cm/cmmi10.pfb><C:/Users/A
lexLW/AppData/Local/Programs/MiKTeX 2.9/fonts/type1/public/amsfonts/cm/cmmi12.p
fb><C:/Users/AlexLW/AppData/Local/Programs/MiKTeX 2.9/fonts/type1/public/amsfon
ts/cm/cmmi6.pfb><C:/Users/AlexLW/AppData/Local/Programs/MiKTeX 2.9/fonts/type1/
public/amsfonts/cm/cmmi8.pfb><C:/Users/AlexLW/AppData/Local/Programs/MiKTeX 2.9
/fonts/type1/public/amsfonts/cm/cmr10.pfb><C:/Users/AlexLW/AppData/Local/Progra
ms/MiKTeX 2.9/fonts/type1/public/amsfonts/cm/cmr12.pfb><C:/Users/AlexLW/AppData
/Local/Programs/MiKTeX 2.9/fonts/type1/public/amsfonts/cm/cmr6.pfb><C:/Users/Al
exLW/AppData/Local/Programs/MiKTeX 2.9/fonts/type1/public/amsfonts/cm/cmr8.pfb>
<C:/Users/AlexLW/AppData/Local/Programs/MiKTeX 2.9/fonts/type1/public/amsfonts/
cm/cmsy10.pfb><C:/Users/AlexLW/AppData/Local/Programs/MiKTeX 2.9/fonts/type1/pu
blic/amsfonts/cm/cmsy8.pfb><C:/Users/AlexLW/AppData/Local/Programs/MiKTeX 2.9/f
onts/type1/public/amsfonts/symbols/msam10.pfb>
Output written on transfer_report.pdf (27 pages, 941086 bytes).
PDF statistics:
 1269 PDF objects out of 1440 (max. 8388607)
 0 named destinations out of 1000 (max. 500000)
 41 words of extra memory for PDF output out of 10000 (max. 10000000)

