This is pdfTeX, Version 3.14159265-2.6-1.40.20 (MiKTeX 2.9.7000 64-bit) (preloaded format=pdflatex 2019.4.8)  12 SEP 2019 03:03
entering extended mode
**./mphil_thesis_final_alw_corrections.tex
(mphil_thesis_final_alw_corrections.tex
LaTeX2e <2018-12-01>
("C:\Users\AlexLW\AppData\Local\Programs\MiKTeX 2.9\tex/latex/base\report.cls"
Document Class: report 2018/09/03 v1.4i Standard LaTeX document class
("C:\Users\AlexLW\AppData\Local\Programs\MiKTeX 2.9\tex/latex/base\size12.clo"
File: size12.clo 2018/09/03 v1.4i Standard LaTeX file (size option)
)
\c@part=\count80
\c@chapter=\count81
\c@section=\count82
\c@subsection=\count83
\c@subsubsection=\count84
\c@paragraph=\count85
\c@subparagraph=\count86
\c@figure=\count87
\c@table=\count88
\abovecaptionskip=\skip41
\belowcaptionskip=\skip42
\bibindent=\dimen102
)
("C:\Users\AlexLW\AppData\Local\Programs\MiKTeX 2.9\tex/generic/babel\babel.sty
"
Package: babel 2019/04/01 3.28 The Babel package

("C:\Users\AlexLW\AppData\Local\Programs\MiKTeX 2.9\tex/generic/babel\switch.de
f"
File: switch.def 2019/04/01 3.28 Babel switching mechanism
)
*************************************
* Local config file bblopts.cfg used
*
("C:\Users\AlexLW\AppData\Local\Programs\MiKTeX 2.9\tex/latex/arabi\bblopts.cfg
"
File: bblopts.cfg 2005/09/08 v0.1 add Arabic and Farsi to "declared" options of
 babel
)
("C:\Users\AlexLW\AppData\Local\Programs\MiKTeX 2.9\tex/latex/babel-english\eng
lish.ldf"
Language: english 2017/06/06 v3.3r English support from the babel system

("C:\Users\AlexLW\AppData\Local\Programs\MiKTeX 2.9\tex/generic/babel\babel.def
"
File: babel.def 2019/04/01 3.28 Babel common definitions
\babel@savecnt=\count89
\U@D=\dimen103

("C:\Users\AlexLW\AppData\Local\Programs\MiKTeX 2.9\tex/generic/babel\txtbabel.
def")
\bbl@dirlevel=\count90
)
\l@canadian = a dialect from \language\l@american 
\l@australian = a dialect from \language\l@british 
\l@newzealand = a dialect from \language\l@british 
))
("C:\Users\AlexLW\AppData\Local\Programs\MiKTeX 2.9\tex/latex/base\inputenc.sty
"
Package: inputenc 2018/08/11 v1.3c Input encoding file
\inpenc@prehook=\toks14
\inpenc@posthook=\toks15
 ("C:\Users\AlexLW\AppData\Local\Programs\MiKTeX 2.9\tex/latex/ucs\utf8x.def"
File: utf8x.def 2004/10/17 UCS: Input encoding UTF-8
)) ("C:\Users\AlexLW\AppData\Local\Programs\MiKTeX 2.9\tex/latex/ucs\ucs.sty"
Package: ucs 2013/05/11 v2.2 UCS: Unicode input support

("C:\Users\AlexLW\AppData\Local\Programs\MiKTeX 2.9\tex/latex/ucs\uni-global.de
f"
File: uni-global.def 2013/05/13 UCS: Unicode global data
)
\uc@secondtry=\count91
\uc@combtoks=\toks16
\uc@combtoksb=\toks17
\uc@temptokena=\toks18
)
("C:\Users\AlexLW\AppData\Local\Programs\MiKTeX 2.9\tex/latex/base\fontenc.sty"
Package: fontenc 2018/08/11 v2.0j Standard LaTeX package
("C:\Users\AlexLW\AppData\Local\Programs\MiKTeX 2.9\tex/latex/base\t1enc.def"
File: t1enc.def 2018/08/11 v2.0j Standard LaTeX file
LaTeX Font Info:    Redeclaring font encoding T1 on input line 48.
))
("C:\Users\AlexLW\AppData\Local\Programs\MiKTeX 2.9\tex/latex/graphics\graphicx
.sty"
Package: graphicx 2017/06/01 v1.1a Enhanced LaTeX Graphics (DPC,SPQR)

("C:\Users\AlexLW\AppData\Local\Programs\MiKTeX 2.9\tex/latex/graphics\keyval.s
ty"
Package: keyval 2014/10/28 v1.15 key=value parser (DPC)
\KV@toks@=\toks19
)
("C:\Users\AlexLW\AppData\Local\Programs\MiKTeX 2.9\tex/latex/graphics\graphics
.sty"
Package: graphics 2017/06/25 v1.2c Standard LaTeX Graphics (DPC,SPQR)

("C:\Users\AlexLW\AppData\Local\Programs\MiKTeX 2.9\tex/latex/graphics\trig.sty
"
Package: trig 2016/01/03 v1.10 sin cos tan (DPC)
)
("C:\Users\AlexLW\AppData\Local\Programs\MiKTeX 2.9\tex/latex/graphics-cfg\grap
hics.cfg"
File: graphics.cfg 2016/06/04 v1.11 sample graphics configuration
)
Package graphics Info: Driver file: pdftex.def on input line 99.

("C:\Users\AlexLW\AppData\Local\Programs\MiKTeX 2.9\tex/latex/graphics-def\pdft
ex.def"
File: pdftex.def 2018/01/08 v1.0l Graphics/color driver for pdftex
))
\Gin@req@height=\dimen104
\Gin@req@width=\dimen105
)
("C:\Users\AlexLW\AppData\Local\Programs\MiKTeX 2.9\tex/latex/was\upgreek.sty"
Package: upgreek 2003/02/12 v2.0 (WaS)
Package upgreek Info: Using Euler Roman for upright Greek on input line 31.
\symugrf@m=\mathgroup4
LaTeX Font Info:    Overwriting symbol font `ugrf@m' in version `bold'
(Font)                  U/eur/m/n --> U/eur/b/n on input line 38.
) ("C:\Users\AlexLW\AppData\Local\Programs\MiKTeX 2.9\tex/latex/float\float.sty
"
Package: float 2001/11/08 v1.3d Float enhancements (AL)
\c@float@type=\count92
\float@exts=\toks20
\float@box=\box27
\@float@everytoks=\toks21
\@floatcapt=\box28
)
("C:\Users\AlexLW\AppData\Local\Programs\MiKTeX 2.9\tex/latex/natbib\natbib.sty
"
Package: natbib 2010/09/13 8.31b (PWD, AO)
\bibhang=\skip43
\bibsep=\skip44
LaTeX Info: Redefining \cite on input line 694.
\c@NAT@ctr=\count93
)
("C:\Users\AlexLW\AppData\Local\Programs\MiKTeX 2.9\tex/latex/amsmath\amsmath.s
ty"
Package: amsmath 2018/12/01 v2.17b AMS math features
\@mathmargin=\skip45

For additional information on amsmath, use the `?' option.

("C:\Users\AlexLW\AppData\Local\Programs\MiKTeX 2.9\tex/latex/amsmath\amstext.s
ty"
Package: amstext 2000/06/29 v2.01 AMS text

("C:\Users\AlexLW\AppData\Local\Programs\MiKTeX 2.9\tex/latex/amsmath\amsgen.st
y"
File: amsgen.sty 1999/11/30 v2.0 generic functions
\@emptytoks=\toks22
\ex@=\dimen106
))
("C:\Users\AlexLW\AppData\Local\Programs\MiKTeX 2.9\tex/latex/amsmath\amsbsy.st
y"
Package: amsbsy 1999/11/29 v1.2d Bold Symbols
\pmbraise@=\dimen107
)
("C:\Users\AlexLW\AppData\Local\Programs\MiKTeX 2.9\tex/latex/amsmath\amsopn.st
y"
Package: amsopn 2016/03/08 v2.02 operator names
)
\inf@bad=\count94
LaTeX Info: Redefining \frac on input line 223.
\uproot@=\count95
\leftroot@=\count96
LaTeX Info: Redefining \overline on input line 385.
\classnum@=\count97
\DOTSCASE@=\count98
LaTeX Info: Redefining \ldots on input line 482.
LaTeX Info: Redefining \dots on input line 485.
LaTeX Info: Redefining \cdots on input line 606.
\Mathstrutbox@=\box29
\strutbox@=\box30
\big@size=\dimen108
LaTeX Font Info:    Redeclaring font encoding OML on input line 729.
LaTeX Font Info:    Redeclaring font encoding OMS on input line 730.
\macc@depth=\count99
\c@MaxMatrixCols=\count100
\dotsspace@=\muskip10
\c@parentequation=\count101
\dspbrk@lvl=\count102
\tag@help=\toks23
\row@=\count103
\column@=\count104
\maxfields@=\count105
\andhelp@=\toks24
\eqnshift@=\dimen109
\alignsep@=\dimen110
\tagshift@=\dimen111
\tagwidth@=\dimen112
\totwidth@=\dimen113
\lineht@=\dimen114
\@envbody=\toks25
\multlinegap=\skip46
\multlinetaggap=\skip47
\mathdisplay@stack=\toks26
LaTeX Info: Redefining \[ on input line 2844.
LaTeX Info: Redefining \] on input line 2845.
)
("C:\Users\AlexLW\AppData\Local\Programs\MiKTeX 2.9\tex/latex/multirow\multirow
.sty"
Package: multirow 2019/01/01 v2.4 Span multiple rows of a table
\multirow@colwidth=\skip48
\multirow@cntb=\count106
\multirow@dima=\skip49
\bigstrutjot=\dimen115
)
("C:\Users\AlexLW\AppData\Local\Programs\MiKTeX 2.9\tex/latex/amsfonts\amssymb.
sty"
Package: amssymb 2013/01/14 v3.01 AMS font symbols

("C:\Users\AlexLW\AppData\Local\Programs\MiKTeX 2.9\tex/latex/amsfonts\amsfonts
.sty"
Package: amsfonts 2013/01/14 v3.01 Basic AMSFonts support
\symAMSa=\mathgroup5
\symAMSb=\mathgroup6
LaTeX Font Info:    Overwriting math alphabet `\mathfrak' in version `bold'
(Font)                  U/euf/m/n --> U/euf/b/n on input line 106.
))
("C:\Users\AlexLW\AppData\Local\Programs\MiKTeX 2.9\tex/latex/tools\tabularx.st
y"
Package: tabularx 2016/02/03 v2.11b `tabularx' package (DPC)
 ("C:\Users\AlexLW\AppData\Local\Programs\MiKTeX 2.9\tex/latex/tools\array.sty"
Package: array 2018/12/30 v2.4k Tabular extension package (FMi)
\col@sep=\dimen116
\ar@mcellbox=\box31
\extrarowheight=\dimen117
\NC@list=\toks27
\extratabsurround=\skip50
\backup@length=\skip51
\ar@cellbox=\box32
)
\TX@col@width=\dimen118
\TX@old@table=\dimen119
\TX@old@col=\dimen120
\TX@target=\dimen121
\TX@delta=\dimen122
\TX@cols=\count107
\TX@ftn=\toks28
)
("C:\Users\AlexLW\AppData\Local\Programs\MiKTeX 2.9\tex/latex/ms\ragged2e.sty"
Package: ragged2e 2009/05/21 v2.1 ragged2e Package (MS)

("C:\Users\AlexLW\AppData\Local\Programs\MiKTeX 2.9\tex/latex/ms\everysel.sty"
Package: everysel 2011/10/28 v1.2 EverySelectfont Package (MS)
)
\CenteringLeftskip=\skip52
\RaggedLeftLeftskip=\skip53
\RaggedRightLeftskip=\skip54
\CenteringRightskip=\skip55
\RaggedLeftRightskip=\skip56
\RaggedRightRightskip=\skip57
\CenteringParfillskip=\skip58
\RaggedLeftParfillskip=\skip59
\RaggedRightParfillskip=\skip60
\JustifyingParfillskip=\skip61
\CenteringParindent=\skip62
\RaggedLeftParindent=\skip63
\RaggedRightParindent=\skip64
\JustifyingParindent=\skip65
)
("C:\Users\AlexLW\AppData\Local\Programs\MiKTeX 2.9\tex/latex/booktabs\booktabs
.sty"
Package: booktabs 2005/04/14 v1.61803 publication quality tables
\heavyrulewidth=\dimen123
\lightrulewidth=\dimen124
\cmidrulewidth=\dimen125
\belowrulesep=\dimen126
\belowbottomsep=\dimen127
\aboverulesep=\dimen128
\abovetopsep=\dimen129
\cmidrulesep=\dimen130
\cmidrulekern=\dimen131
\defaultaddspace=\dimen132
\@cmidla=\count108
\@cmidlb=\count109
\@aboverulesep=\dimen133
\@belowrulesep=\dimen134
\@thisruleclass=\count110
\@lastruleclass=\count111
\@thisrulewidth=\dimen135
)
("C:\Users\AlexLW\AppData\Local\Programs\MiKTeX 2.9\tex/latex/caption\caption.s
ty"
Package: caption 2018/10/06 v3.3-154 Customizing captions (AR)

("C:\Users\AlexLW\AppData\Local\Programs\MiKTeX 2.9\tex/latex/caption\caption3.
sty"
Package: caption3 2018/09/12 v1.8c caption3 kernel (AR)
Package caption3 Info: TeX engine: e-TeX on input line 64.
\captionmargin=\dimen136
\captionmargin@=\dimen137
\captionwidth=\dimen138
\caption@tempdima=\dimen139
\caption@indent=\dimen140
\caption@parindent=\dimen141
\caption@hangindent=\dimen142
)
\c@caption@flags=\count112
\c@ContinuedFloat=\count113
Package caption Info: float package is loaded.
)
("C:\Users\AlexLW\AppData\Local\Programs\MiKTeX 2.9\tex/latex/setspace\setspace
.sty"
Package: setspace 2011/12/19 v6.7a set line spacing
)
("C:\Users\AlexLW\AppData\Local\Programs\MiKTeX 2.9\tex/latex/oberdiek\epstopdf
.sty"
Package: epstopdf 2016/05/15 v2.6 Conversion with epstopdf on the fly (HO)

("C:\Users\AlexLW\AppData\Local\Programs\MiKTeX 2.9\tex/latex/oberdiek\epstopdf
-base.sty"
Package: epstopdf-base 2016/05/15 v2.6 Base part for package epstopdf

("C:\Users\AlexLW\AppData\Local\Programs\MiKTeX 2.9\tex/generic/oberdiek\infwar
err.sty"
Package: infwarerr 2016/05/16 v1.4 Providing info/warning/error messages (HO)
)
("C:\Users\AlexLW\AppData\Local\Programs\MiKTeX 2.9\tex/latex/oberdiek\grfext.s
ty"
Package: grfext 2016/05/16 v1.2 Manage graphics extensions (HO)

("C:\Users\AlexLW\AppData\Local\Programs\MiKTeX 2.9\tex/generic/oberdiek\kvdefi
nekeys.sty"
Package: kvdefinekeys 2016/05/16 v1.4 Define keys (HO)

("C:\Users\AlexLW\AppData\Local\Programs\MiKTeX 2.9\tex/generic/oberdiek\ltxcmd
s.sty"
Package: ltxcmds 2016/05/16 v1.23 LaTeX kernel commands for general use (HO)
)))
("C:\Users\AlexLW\AppData\Local\Programs\MiKTeX 2.9\tex/latex/oberdiek\kvoption
s.sty"
Package: kvoptions 2016/05/16 v3.12 Key value format for package options (HO)

("C:\Users\AlexLW\AppData\Local\Programs\MiKTeX 2.9\tex/generic/oberdiek\kvsetk
eys.sty"
Package: kvsetkeys 2016/05/16 v1.17 Key value parser (HO)

("C:\Users\AlexLW\AppData\Local\Programs\MiKTeX 2.9\tex/generic/oberdiek\etexcm
ds.sty"
Package: etexcmds 2016/05/16 v1.6 Avoid name clashes with e-TeX commands (HO)

("C:\Users\AlexLW\AppData\Local\Programs\MiKTeX 2.9\tex/generic/oberdiek\ifluat
ex.sty"
Package: ifluatex 2016/05/16 v1.4 Provides the ifluatex switch (HO)
Package ifluatex Info: LuaTeX not detected.
))))
("C:\Users\AlexLW\AppData\Local\Programs\MiKTeX 2.9\tex/generic/oberdiek\pdftex
cmds.sty"
Package: pdftexcmds 2018/09/10 v0.29 Utility functions of pdfTeX for LuaTeX (HO
)

("C:\Users\AlexLW\AppData\Local\Programs\MiKTeX 2.9\tex/generic/oberdiek\ifpdf.
sty"
Package: ifpdf 2018/09/07 v3.3 Provides the ifpdf switch
)
Package pdftexcmds Info: LuaTeX not detected.
Package pdftexcmds Info: \pdf@primitive is available.
Package pdftexcmds Info: \pdf@ifprimitive is available.
Package pdftexcmds Info: \pdfdraftmode found.
)
Package epstopdf-base Info: Redefining graphics rule for `.eps' on input line 4
38.
Package grfext Info: Graphics extension search list:
(grfext)             [.pdf,.png,.jpg,.mps,.jpeg,.jbig2,.jb2,.PDF,.PNG,.JPG,.JPE
G,.JBIG2,.JB2,.eps]
(grfext)             \AppendGraphicsExtensions on input line 456.
))
("C:\Users\AlexLW\AppData\Local\Programs\MiKTeX 2.9\tex/latex/caption\subcaptio
n.sty"
Package: subcaption 2018/05/01 v1.1-162 Sub-captions (AR)
\c@subfigure=\count114
\c@subtable=\count115
)
("C:\Users\AlexLW\AppData\Local\Programs\MiKTeX 2.9\tex/latex/url\url.sty"
\Urlmuskip=\muskip11
Package: url 2013/09/16  ver 3.4  Verb mode for urls, etc.
)
("C:\Users\AlexLW\AppData\Local\Programs\MiKTeX 2.9\tex/latex/footmisc\footmisc
.sty"
Package: footmisc 2011/06/06 v5.5b a miscellany of footnote facilities
\FN@temptoken=\toks29
\footnotemargin=\dimen143
\c@pp@next@reset=\count116
Package footmisc Info: Declaring symbol style bringhurst on input line 855.
Package footmisc Info: Declaring symbol style chicago on input line 863.
Package footmisc Info: Declaring symbol style wiley on input line 872.
Package footmisc Info: Declaring symbol style lamport-robust on input line 883.

Package footmisc Info: Declaring symbol style lamport* on input line 903.
Package footmisc Info: Declaring symbol style lamport*-robust on input line 924
.
) (mphil_thesis_final_alw_corrections.aux

LaTeX Warning: Label `flux_loss_optical_depth' multiply defined.

)
\openout1 = `mphil_thesis_final_alw_corrections.aux'.

LaTeX Font Info:    Checking defaults for OML/cmm/m/it on input line 85.
LaTeX Font Info:    ... okay on input line 85.
LaTeX Font Info:    Checking defaults for T1/cmr/m/n on input line 85.
LaTeX Font Info:    ... okay on input line 85.
LaTeX Font Info:    Checking defaults for OT1/cmr/m/n on input line 85.
LaTeX Font Info:    ... okay on input line 85.
LaTeX Font Info:    Checking defaults for OMS/cmsy/m/n on input line 85.
LaTeX Font Info:    ... okay on input line 85.
LaTeX Font Info:    Checking defaults for OMX/cmex/m/n on input line 85.
LaTeX Font Info:    ... okay on input line 85.
LaTeX Font Info:    Checking defaults for U/cmr/m/n on input line 85.
LaTeX Font Info:    ... okay on input line 85.
 ("C:\Users\AlexLW\AppData\Local\Programs\MiKTeX 2.9\tex/latex/ucs\ucsencs.def"
File: ucsencs.def 2011/01/21 Fixes to fontencodings LGR, T3
)
("C:\Users\AlexLW\AppData\Local\Programs\MiKTeX 2.9\tex/context/base/mkii\supp-
pdf.mkii"
[Loading MPS to PDF converter (version 2006.09.02).]
\scratchcounter=\count117
\scratchdimen=\dimen144
\scratchbox=\box33
\nofMPsegments=\count118
\nofMParguments=\count119
\everyMPshowfont=\toks30
\MPscratchCnt=\count120
\MPscratchDim=\dimen145
\MPnumerator=\count121
\makeMPintoPDFobject=\count122
\everyMPtoPDFconversion=\toks31
) ABD: EverySelectfont initializing macros
LaTeX Info: Redefining \selectfont on input line 85.
Package caption Info: Begin \AtBeginDocument code.
Package caption Info: End \AtBeginDocument code.
 [1

{C:/Users/AlexLW/AppData/Local/MiKTeX/2.9/pdftex/config/pdftex.map}]
LaTeX Font Info:    Try loading font information for U+msa on input line 118.

("C:\Users\AlexLW\AppData\Local\Programs\MiKTeX 2.9\tex/latex/amsfonts\umsa.fd"
File: umsa.fd 2013/01/14 v3.01 AMS symbols A
)
LaTeX Font Info:    Try loading font information for U+msb on input line 118.
 ("C:\Users\AlexLW\AppData\Local\Programs\MiKTeX 2.9\tex/latex/amsfonts\umsb.fd
"
File: umsb.fd 2013/01/14 v3.01 AMS symbols B
)
Underfull \hbox (badness 10000) in paragraph at lines 118--119

 []


Underfull \hbox (badness 10000) in paragraph at lines 120--121

 []

[1]
Underfull \hbox (badness 10000) in paragraph at lines 125--126

 []


Underfull \hbox (badness 10000) in paragraph at lines 127--128

 []


Underfull \hbox (badness 10000) in paragraph at lines 129--130

 []


Underfull \hbox (badness 10000) in paragraph at lines 131--132

 []


Underfull \hbox (badness 10000) in paragraph at lines 133--155

 []

[1]
Chapter 1.

Underfull \hbox (badness 10000) in paragraph at lines 166--167

 []


Underfull \hbox (badness 10000) in paragraph at lines 174--175

 []

[2

]
Underfull \hbox (badness 10000) in paragraph at lines 176--177

 []


Underfull \hbox (badness 10000) in paragraph at lines 178--179

 []


Underfull \hbox (badness 10000) in paragraph at lines 180--181

 []


Underfull \hbox (badness 10000) in paragraph at lines 189--190

 []


Underfull \hbox (badness 10000) in paragraph at lines 191--192

 []

[3]
Underfull \hbox (badness 10000) in paragraph at lines 200--201

 []


Underfull \hbox (badness 10000) in paragraph at lines 216--217

 []

[4]
Underfull \hbox (badness 10000) in paragraph at lines 239--240

 []


Underfull \hbox (badness 10000) in paragraph at lines 243--244

 []


Underfull \hbox (badness 10000) in paragraph at lines 245--246

 []

[5]
Underfull \hbox (badness 10000) in paragraph at lines 259--260

 []


Underfull \hbox (badness 10000) in paragraph at lines 263--264

 []

<blackbody_teff_logF_illustration.pdf, id=39, 722.7pt x 505.89pt>
File: blackbody_teff_logF_illustration.pdf Graphic file (type pdf)
<use blackbody_teff_logF_illustration.pdf>
Package pdftex.def Info: blackbody_teff_logF_illustration.pdf  used on input li
ne 267.
(pdftex.def)             Requested size: 441.01772pt x 308.71594pt.

LaTeX Warning: `h' float specifier changed to `ht'.

[6]
Underfull \hbox (badness 10000) in paragraph at lines 288--289

 []


Underfull \hbox (badness 10000) in paragraph at lines 297--298

 []

[7 <./blackbody_teff_logF_illustration.pdf>]
Underfull \hbox (badness 10000) in paragraph at lines 306--307

 []


Underfull \hbox (badness 10000) in paragraph at lines 315--316

 []


Underfull \hbox (badness 10000) in paragraph at lines 319--320

 []

[8]
Underfull \hbox (badness 10000) in paragraph at lines 321--322

 []


Underfull \hbox (badness 10000) in paragraph at lines 323--324

 []


Underfull \hbox (badness 10000) in paragraph at lines 326--327

 []


Underfull \hbox (badness 10000) in paragraph at lines 328--329

 []

[9]
Underfull \hbox (badness 10000) in paragraph at lines 349--350

 []


Underfull \hbox (badness 10000) in paragraph at lines 351--352

 []


Underfull \hbox (badness 10000) in paragraph at lines 353--354

 []


Underfull \hbox (badness 10000) in paragraph at lines 355--356

 []

[10]
Underfull \hbox (badness 10000) in paragraph at lines 357--358

 []

[11]
Underfull \hbox (badness 10000) in paragraph at lines 379--380

 []

<cardelli_curve_fig4_crop.png, id=111, 475.7775pt x 440.39531pt>
File: cardelli_curve_fig4_crop.png Graphic file (type png)
<use cardelli_curve_fig4_crop.png>
Package pdftex.def Info: cardelli_curve_fig4_crop.png  used on input line 385.
(pdftex.def)             Requested size: 441.01772pt x 408.23958pt.

LaTeX Warning: `h' float specifier changed to `ht'.


Underfull \hbox (badness 10000) in paragraph at lines 391--392

 []


Underfull \hbox (badness 10000) in paragraph at lines 400--401

 []


Underfull \hbox (badness 10000) in paragraph at lines 402--403

 []

[12]
Underfull \hbox (badness 10000) in paragraph at lines 404--405

 []


Underfull \hbox (badness 10000) in paragraph at lines 406--407

 []


Underfull \hbox (badness 10000) in paragraph at lines 415--416

 []

[13]
Underfull \hbox (badness 10000) in paragraph at lines 421--422

 []


Underfull \hbox (badness 10000) in paragraph at lines 423--424

 []


Underfull \hbox (badness 10000) in paragraph at lines 426--427

 []

[14]
Underfull \hbox (badness 10000) in paragraph at lines 428--429

 []

[15] [16 <./cardelli_curve_fig4_crop.png>]
Chapter 2.

Underfull \hbox (badness 10000) in paragraph at lines 434--435

 []


Underfull \hbox (badness 10000) in paragraph at lines 436--437

 []

[17

] [18]
Underfull \hbox (badness 10000) in paragraph at lines 497--498

 []


Underfull \hbox (badness 10000) in paragraph at lines 503--504

 []


Underfull \hbox (badness 10000) in paragraph at lines 506--507

 []

<ATLAS9_grid_BaSTI_coverage_2ages_crop.png, id=136, 638.385pt x 423.984pt>
File: ATLAS9_grid_BaSTI_coverage_2ages_crop.png Graphic file (type png)
<use ATLAS9_grid_BaSTI_coverage_2ages_crop.png>
Package pdftex.def Info: ATLAS9_grid_BaSTI_coverage_2ages_crop.png  used on inp
ut line 510.
(pdftex.def)             Requested size: 441.01772pt x 292.90508pt.

LaTeX Warning: `h' float specifier changed to `ht'.


Underfull \hbox (badness 10000) in paragraph at lines 516--517

 []

[19]
LaTeX Font Info:    Try loading font information for T1+cmtt on input line 518.


("C:\Users\AlexLW\AppData\Local\Programs\MiKTeX 2.9\tex/latex/base\t1cmtt.fd"
File: t1cmtt.fd 2014/09/29 v2.5h Standard LaTeX font definitions
)
Underfull \hbox (badness 10000) in paragraph at lines 518--519

 []


Underfull \hbox (badness 10000) in paragraph at lines 537--538

 []

[20 <./ATLAS9_grid_BaSTI_coverage_2ages_crop.png>]
Underfull \hbox (badness 10000) in paragraph at lines 540--541

 []


Underfull \hbox (badness 10000) in paragraph at lines 542--543

 []

<GaiaDR2Passbands.png, id=148, 853.1875pt x 602.25pt>
File: GaiaDR2Passbands.png Graphic file (type png)
<use GaiaDR2Passbands.png>
Package pdftex.def Info: GaiaDR2Passbands.png  used on input line 546.
(pdftex.def)             Requested size: 441.01772pt x 311.3155pt.

LaTeX Warning: `!h' float specifier changed to `!ht'.

<ACS_Wide.png, id=149, 702.625pt x 451.6875pt>
File: ACS_Wide.png Graphic file (type png)
<use ACS_Wide.png>
Package pdftex.def Info: ACS_Wide.png  used on input line 554.
(pdftex.def)             Requested size: 441.01772pt x 283.51701pt.

LaTeX Warning: `h' float specifier changed to `ht'.

<UVIS_Wide1.jpg, id=150, 505.89pt x 361.35pt>
File: UVIS_Wide1.jpg Graphic file (type jpg)
<use UVIS_Wide1.jpg>
Package pdftex.def Info: UVIS_Wide1.jpg  used on input line 562.
(pdftex.def)             Requested size: 441.01772pt x 315.01707pt.

LaTeX Warning: `!h' float specifier changed to `!ht'.

<UVIS_Wide2.jpg, id=151, 505.89pt x 361.35pt>
File: UVIS_Wide2.jpg Graphic file (type jpg)
<use UVIS_Wide2.jpg>
Package pdftex.def Info: UVIS_Wide2.jpg  used on input line 570.
(pdftex.def)             Requested size: 441.01772pt x 315.01707pt.

LaTeX Warning: `h' float specifier changed to `ht'.


Underfull \hbox (badness 10000) in paragraph at lines 618--619

 []

[21] [22] [23 <./GaiaDR2Passbands.png>]
Underfull \hbox (badness 10000) in paragraph at lines 648--649

 []


Underfull \hbox (badness 10000) in paragraph at lines 650--651

 []

[24 <./ACS_Wide.png>]
Underfull \hbox (badness 10000) in paragraph at lines 655--656

 []

[25 <./UVIS_Wide1.jpg>]
Underfull \hbox (badness 10000) in paragraph at lines 678--679

 []

[26 <./UVIS_Wide2.jpg>] [27]
Underfull \hbox (badness 10000) in paragraph at lines 688--689

 []

[28]
Chapter 3.
LaTeX Font Info:    Try loading font information for OMS+cmr on input line 697.

("C:\Users\AlexLW\AppData\Local\Programs\MiKTeX 2.9\tex/latex/base\omscmr.fd"
File: omscmr.fd 2014/09/29 v2.5h Standard LaTeX font definitions
)
LaTeX Font Info:    Font shape `OMS/cmr/m/n' in size <12> not available
(Font)              Font shape `OMS/cmsy/m/n' tried instead on input line 697.

Underfull \hbox (badness 10000) in paragraph at lines 703--704

 []


Underfull \hbox (badness 10000) in paragraph at lines 705--706

 []

[29

]
<../just_full_data/comb/AHub_FeH0p0_just_Teff_plot_lines.pdf, id=184, 1146.1445
3pt x 1120.03123pt>
File: ../just_full_data/comb/AHub_FeH0p0_just_Teff_plot_lines.pdf Graphic file 
(type pdf)
<use ../just_full_data/comb/AHub_FeH0p0_just_Teff_plot_lines.pdf>
Package pdftex.def Info: ../just_full_data/comb/AHub_FeH0p0_just_Teff_plot_line
s.pdf  used on input line 709.
(pdftex.def)             Requested size: 441.01772pt x 430.96555pt.
<../just_full_data/ACS/AHub_FeH0p0_just_Teff_plot_lines.pdf, id=185, 1147.79352
pt x 1146.35468pt>
File: ../just_full_data/ACS/AHub_FeH0p0_just_Teff_plot_lines.pdf Graphic file (
type pdf)
<use ../just_full_data/ACS/AHub_FeH0p0_just_Teff_plot_lines.pdf>
Package pdftex.def Info: ../just_full_data/ACS/AHub_FeH0p0_just_Teff_plot_lines
.pdf  used on input line 717.
(pdftex.def)             Requested size: 441.01772pt x 440.46457pt.


LaTeX Warning: `h' float specifier changed to `ht'.


Underfull \hbox (badness 10000) in paragraph at lines 723--724

 []

[30 <../just_full_data/comb/AHub_FeH0p0_just_Teff_plot_lines.pdf>]
Underfull \hbox (badness 10000) in paragraph at lines 725--726

 []


Underfull \hbox (badness 10000) in paragraph at lines 729--730

 []


Underfull \hbox (badness 10000) in paragraph at lines 743--744

 []


Underfull \hbox (badness 10000) in paragraph at lines 745--746

 []

[31]
Underfull \hbox (badness 10000) in paragraph at lines 754--755

 []


Underfull \hbox (badness 10000) in paragraph at lines 756--757

 []


Underfull \hbox (badness 10000) in paragraph at lines 758--759

 []


Underfull \hbox (badness 10000) in paragraph at lines 760--761

 []

[32]
Underfull \hbox (badness 10000) in paragraph at lines 770--771

 []


Underfull \hbox (badness 10000) in paragraph at lines 780--781

 []


Overfull \hbox (20.58733pt too wide) in paragraph at lines 822--843
 [] 
 []


Underfull \hbox (badness 10000) in paragraph at lines 848--849

 []


Underfull \hbox (badness 10000) in paragraph at lines 850--851

 []

[33] [34]
Underfull \hbox (badness 10000) in paragraph at lines 854--855

 []


Overfull \hbox (34.48897pt too wide) in paragraph at lines 856--857
\OT1/cmr/m/n/12 50\OML/cmm/m/it/12 ; \OT1/cmr/m/n/12 000[]\OML/cmm/m/it/12 ; []
\OT1/cmr/m/n/12 (\OML/cmm/m/it/12 g\OT1/cmr/m/n/12 ) = 5\OML/cmm/m/it/12 :\OT1/
cmr/m/n/12 0\OML/cmm/m/it/12 ; [][]\OT1/cmr/m/n/12 )$\T1/cmr/m/n/12 , and the s
ec-ond was equal to $\OT1/cmr/m/n/12 (\OML/cmm/m/it/12 A[]=A[]\OT1/cmr/m/n/12 )
[] = (\OML/cmm/m/it/12 A[]=A[]\OT1/cmr/m/n/12 )(\OML/cmm/m/it/12 T[] \OT1/cmr/m
/n/12 =
 []


Underfull \hbox (badness 10000) in paragraph at lines 856--857

 []


Underfull \hbox (badness 10000) in paragraph at lines 858--859

 []

[35]
<../basti_isochrones_10_13Gyr/Extinction_T5k_FeH0fix_func_f435wACS_f435wACSmf81
4wACS_500_400_600_Myr_FeH_0p002_ref_noext_Av_1p0.pdf, id=246, 1149.50082pt x 11
48.43434pt>
File: ../basti_isochrones_10_13Gyr/Extinction_T5k_FeH0fix_func_f435wACS_f435wAC
Smf814wACS_500_400_600_Myr_FeH_0p002_ref_noext_Av_1p0.pdf Graphic file (type pd
f)
<use ../basti_isochrones_10_13Gyr/Extinction_T5k_FeH0fix_func_f435wACS_f435wACS
mf814wACS_500_400_600_Myr_FeH_0p002_ref_noext_Av_1p0.pdf>
Package pdftex.def Info: ../basti_isochrones_10_13Gyr/Extinction_T5k_FeH0fix_fu
nc_f435wACS_f435wACSmf814wACS_500_400_600_Myr_FeH_0p002_ref_noext_Av_1p0.pdf  u
sed on input line 865.
(pdftex.def)             Requested size: 441.01772pt x 440.61526pt.


LaTeX Warning: `h' float specifier changed to `ht'.

<../basti_isochrones_10_13Gyr/Extinction_T50k_FeH0fix_func_f435wACS_f435wACSmf8
14wACS_500_400_600_Myr_FeH_0p002_ref_noext_Av_1p0.pdf, id=247, 1148.26183pt x 1
148.30887pt>
File: ../basti_isochrones_10_13Gyr/Extinction_T50k_FeH0fix_func_f435wACS_f435wA
CSmf814wACS_500_400_600_Myr_FeH_0p002_ref_noext_Av_1p0.pdf Graphic file (type p
df)
<use ../basti_isochrones_10_13Gyr/Extinction_T50k_FeH0fix_func_f435wACS_f435wAC
Smf814wACS_500_400_600_Myr_FeH_0p002_ref_noext_Av_1p0.pdf>
Package pdftex.def Info: ../basti_isochrones_10_13Gyr/Extinction_T50k_FeH0fix_f
unc_f435wACS_f435wACSmf814wACS_500_400_600_Myr_FeH_0p002_ref_noext_Av_1p0.pdf  
used on input line 873.
(pdftex.def)             Requested size: 441.01772pt x 441.02269pt.

LaTeX Warning: `h' float specifier changed to `ht'.


Underfull \hbox (badness 10000) in paragraph at lines 879--880

 []


Underfull \hbox (badness 10000) in paragraph at lines 881--882

 []


Underfull \hbox (badness 10000) in paragraph at lines 885--886

 []


Overfull \hbox (3.40622pt too wide) in paragraph at lines 887--888
[]\T1/cmr/m/n/12 As with the pre-vi-ous ACS CMD, this CMD shows no sig-nif-i-ca
nt changes in isochrone
 []


Underfull \hbox (badness 10000) in paragraph at lines 887--888

 []

<../basti_isochrones_10_13Gyr/Extinction_T5k_FeH0fix_func_f555w_f555wmf814w_500
_400_600_Myr_FeH_0p002_ref_noext_Av_1p0.pdf, id=248, 1148.21477pt x 1148.30887p
t>
File: ../basti_isochrones_10_13Gyr/Extinction_T5k_FeH0fix_func_f555w_f555wmf814
w_500_400_600_Myr_FeH_0p002_ref_noext_Av_1p0.pdf Graphic file (type pdf)
<use ../basti_isochrones_10_13Gyr/Extinction_T5k_FeH0fix_func_f555w_f555wmf814w
_500_400_600_Myr_FeH_0p002_ref_noext_Av_1p0.pdf>
Package pdftex.def Info: ../basti_isochrones_10_13Gyr/Extinction_T5k_FeH0fix_fu
nc_f555w_f555wmf814w_500_400_600_Myr_FeH_0p002_ref_noext_Av_1p0.pdf  used on in
put line 891.
(pdftex.def)             Requested size: 441.01772pt x 441.05774pt.

LaTeX Warning: `h' float specifier changed to `ht'.

<../basti_isochrones_10_13Gyr/Extinction_T50k_FeH0fix_func_f555w_f555wmf814w_50
0_400_600_Myr_FeH_0p002_ref_noext_Av_1p0.pdf, id=249, 1149.6263pt x 1148.43434p
t>
File: ../basti_isochrones_10_13Gyr/Extinction_T50k_FeH0fix_func_f555w_f555wmf81
4w_500_400_600_Myr_FeH_0p002_ref_noext_Av_1p0.pdf Graphic file (type pdf)
<use ../basti_isochrones_10_13Gyr/Extinction_T50k_FeH0fix_func_f555w_f555wmf814
w_500_400_600_Myr_FeH_0p002_ref_noext_Av_1p0.pdf>
Package pdftex.def Info: ../basti_isochrones_10_13Gyr/Extinction_T50k_FeH0fix_f
unc_f555w_f555wmf814w_500_400_600_Myr_FeH_0p002_ref_noext_Av_1p0.pdf  used on i
nput line 899.
(pdftex.def)             Requested size: 441.01772pt x 440.5627pt.

LaTeX Warning: `h' float specifier changed to `ht'.

<../basti_isochrones_10_13Gyr/Extinction_T5k_FeH0fix_func_f814w_f275wmf814w_500
_400_600_Myr_FeH_0p002_ref_noext_Av_1p0.pdf, id=250, 1148.21477pt x 1148.30887p
t>
File: ../basti_isochrones_10_13Gyr/Extinction_T5k_FeH0fix_func_f814w_f275wmf814
w_500_400_600_Myr_FeH_0p002_ref_noext_Av_1p0.pdf Graphic file (type pdf)
<use ../basti_isochrones_10_13Gyr/Extinction_T5k_FeH0fix_func_f814w_f275wmf814w
_500_400_600_Myr_FeH_0p002_ref_noext_Av_1p0.pdf>
Package pdftex.def Info: ../basti_isochrones_10_13Gyr/Extinction_T5k_FeH0fix_fu
nc_f814w_f275wmf814w_500_400_600_Myr_FeH_0p002_ref_noext_Av_1p0.pdf  used on in
put line 909.
(pdftex.def)             Requested size: 441.01772pt x 441.05774pt.

LaTeX Warning: `h' float specifier changed to `ht'.

<../basti_isochrones_10_13Gyr/Extinction_T50k_FeH0fix_func_f814w_f275wmf814w_50
0_400_600_Myr_FeH_0p002_ref_noext_Av_1p0.pdf, id=251, 1149.6263pt x 1148.43434p
t>
File: ../basti_isochrones_10_13Gyr/Extinction_T50k_FeH0fix_func_f814w_f275wmf81
4w_500_400_600_Myr_FeH_0p002_ref_noext_Av_1p0.pdf Graphic file (type pdf)
<use ../basti_isochrones_10_13Gyr/Extinction_T50k_FeH0fix_func_f814w_f275wmf814
w_500_400_600_Myr_FeH_0p002_ref_noext_Av_1p0.pdf>
Package pdftex.def Info: ../basti_isochrones_10_13Gyr/Extinction_T50k_FeH0fix_f
unc_f814w_f275wmf814w_500_400_600_Myr_FeH_0p002_ref_noext_Av_1p0.pdf  used on i
nput line 917.
(pdftex.def)             Requested size: 441.01772pt x 440.5627pt.

LaTeX Warning: `h' float specifier changed to `ht'.


Underfull \hbox (badness 10000) in paragraph at lines 923--924

 []

[36]
Underfull \hbox (badness 10000) in paragraph at lines 925--926

 []


Underfull \hbox (badness 10000) in paragraph at lines 927--928

 []


Underfull \hbox (badness 10000) in paragraph at lines 931--932

 []

<../basti_isochrones_10_13Gyr/Extinction_T5k_FeH0fix_func_G_GbpmGrp_500_400_600
_Myr_FeH_0p002_ref_noext_Av_1p0.pdf, id=255, 1149.51651pt x 1148.43434pt>
File: ../basti_isochrones_10_13Gyr/Extinction_T5k_FeH0fix_func_G_GbpmGrp_500_40
0_600_Myr_FeH_0p002_ref_noext_Av_1p0.pdf Graphic file (type pdf)
<use ../basti_isochrones_10_13Gyr/Extinction_T5k_FeH0fix_func_G_GbpmGrp_500_400
_600_Myr_FeH_0p002_ref_noext_Av_1p0.pdf>
Package pdftex.def Info: ../basti_isochrones_10_13Gyr/Extinction_T5k_FeH0fix_fu
nc_G_GbpmGrp_500_400_600_Myr_FeH_0p002_ref_noext_Av_1p0.pdf  used on input line
 935.
(pdftex.def)             Requested size: 441.01772pt x 440.59775pt.

LaTeX Warning: `h' float specifier changed to `ht'.

<../basti_isochrones_10_13Gyr/Extinction_T50k_FeH0fix_func_G_GbpmGrp_500_400_60
0_Myr_FeH_0p002_ref_noext_Av_1p0.pdf, id=256, 1148.2775pt x 1148.30887pt>
File: ../basti_isochrones_10_13Gyr/Extinction_T50k_FeH0fix_func_G_GbpmGrp_500_4
00_600_Myr_FeH_0p002_ref_noext_Av_1p0.pdf Graphic file (type pdf)
<use ../basti_isochrones_10_13Gyr/Extinction_T50k_FeH0fix_func_G_GbpmGrp_500_40
0_600_Myr_FeH_0p002_ref_noext_Av_1p0.pdf>
Package pdftex.def Info: ../basti_isochrones_10_13Gyr/Extinction_T50k_FeH0fix_f
unc_G_GbpmGrp_500_400_600_Myr_FeH_0p002_ref_noext_Av_1p0.pdf  used on input lin
e 943.
(pdftex.def)             Requested size: 441.01772pt x 441.02269pt.

LaTeX Warning: `h' float specifier changed to `ht'.


Underfull \hbox (badness 10000) in paragraph at lines 949--950

 []


Underfull \hbox (badness 10000) in paragraph at lines 951--952

 []

[37]
<../NGC_6793_CMD_observational_errorbars.pdf, id=260, 1156.32pt x 1156.32pt>
File: ../NGC_6793_CMD_observational_errorbars.pdf Graphic file (type pdf)
<use ../NGC_6793_CMD_observational_errorbars.pdf>
Package pdftex.def Info: ../NGC_6793_CMD_observational_errorbars.pdf  used on i
nput line 958.
(pdftex.def)             Requested size: 441.01772pt x 441.01178pt.


LaTeX Warning: `!h' float specifier changed to `!ht'.

<../NGC_6793_distances_hist.pdf, id=261, 433.62pt x 289.08pt>
File: ../NGC_6793_distances_hist.pdf Graphic file (type pdf)
<use ../NGC_6793_distances_hist.pdf>
Package pdftex.def Info: ../NGC_6793_distances_hist.pdf  used on input line 966
.
(pdftex.def)             Requested size: 441.01772pt x 294.02841pt.

LaTeX Warning: `h' float specifier changed to `ht'.


Underfull \hbox (badness 10000) in paragraph at lines 972--973

 []


Underfull \hbox (badness 10000) in paragraph at lines 974--975

 []


Underfull \hbox (badness 10000) in paragraph at lines 976--977

 []


Underfull \hbox (badness 10000) in paragraph at lines 978--979

 []

<../NGC_6793_CMD_FeH_0p062_Av_1p1_500Myr_all_isochrones_summary.pdf, id=262, 11
56.32pt x 1156.32pt>
File: ../NGC_6793_CMD_FeH_0p062_Av_1p1_500Myr_all_isochrones_summary.pdf Graphi
c file (type pdf)
<use ../NGC_6793_CMD_FeH_0p062_Av_1p1_500Myr_all_isochrones_summary.pdf>
Package pdftex.def Info: ../NGC_6793_CMD_FeH_0p062_Av_1p1_500Myr_all_isochrones
_summary.pdf  used on input line 982.
(pdftex.def)             Requested size: 441.01772pt x 441.01178pt.

Underfull \hbox (badness 10000) in paragraph at lines 988--989

 []

[38]
Underfull \hbox (badness 10000) in paragraph at lines 990--991

 []


Underfull \hbox (badness 10000) in paragraph at lines 1010--1011

 []


Underfull \hbox (badness 10000) in paragraph at lines 1012--1013

 []


Underfull \hbox (badness 10000) in paragraph at lines 1014--1015

 []

[39]
Underfull \hbox (badness 10000) in paragraph at lines 1032--1033

 []


Underfull \hbox (badness 10000) in paragraph at lines 1036--1037

 []

[40] [41 <../just_full_data/ACS/AHub_FeH0p0_just_Teff_plot_lines.pdf>] [42 <../
basti_isochrones_10_13Gyr/Extinction_T5k_FeH0fix_func_f435wACS_f435wACSmf814wAC
S_500_400_600_Myr_FeH_0p002_ref_noext_Av_1p0.pdf>] [43 <../basti_isochrones_10_
13Gyr/Extinction_T50k_FeH0fix_func_f435wACS_f435wACSmf814wACS_500_400_600_Myr_F
eH_0p002_ref_noext_Av_1p0.pdf>] [44 <../basti_isochrones_10_13Gyr/Extinction_T5
k_FeH0fix_func_f555w_f555wmf814w_500_400_600_Myr_FeH_0p002_ref_noext_Av_1p0.pdf
>] [45 <../basti_isochrones_10_13Gyr/Extinction_T50k_FeH0fix_func_f555w_f555wmf
814w_500_400_600_Myr_FeH_0p002_ref_noext_Av_1p0.pdf>] [46 <../basti_isochrones_
10_13Gyr/Extinction_T5k_FeH0fix_func_f814w_f275wmf814w_500_400_600_Myr_FeH_0p00
2_ref_noext_Av_1p0.pdf>] [47 <../basti_isochrones_10_13Gyr/Extinction_T50k_FeH0
fix_func_f814w_f275wmf814w_500_400_600_Myr_FeH_0p002_ref_noext_Av_1p0.pdf>]
[48 <../basti_isochrones_10_13Gyr/Extinction_T5k_FeH0fix_func_G_GbpmGrp_500_400
_600_Myr_FeH_0p002_ref_noext_Av_1p0.pdf>] [49 <../basti_isochrones_10_13Gyr/Ext
inction_T50k_FeH0fix_func_G_GbpmGrp_500_400_600_Myr_FeH_0p002_ref_noext_Av_1p0.
pdf>] [50 <../NGC_6793_CMD_observational_errorbars.pdf>] [51 <../NGC_6793_dista
nces_hist.pdf>] [52 <../NGC_6793_CMD_FeH_0p062_Av_1p1_500Myr_all_isochrones_sum
mary.pdf>]
Chapter 4.

Underfull \hbox (badness 10000) in paragraph at lines 1039--1040

 []


Underfull \hbox (badness 10000) in paragraph at lines 1041--1042

 []


Overfull \hbox (0.21748pt too wide) in paragraph at lines 1043--1044
\T1/cmr/m/n/12 the po-si-tions of cer-tain sec-tions isochrones treated un-der 
dif-fer-ent extinction-calculation
 []


Underfull \hbox (badness 10000) in paragraph at lines 1043--1044

 []


Underfull \hbox (badness 10000) in paragraph at lines 1048--1049

 []

[53

]
Underfull \hbox (badness 10000) in paragraph at lines 1050--1051

 []


Underfull \hbox (badness 10000) in paragraph at lines 1052--1053

 []

(mphil_thesis_final_alw_corrections.bbl [54] [55

]) [56]
(mphil_thesis_final_alw_corrections.aux)

LaTeX Warning: There were multiply-defined labels.

 ) 
Here is how much of TeX's memory you used:
 5797 strings out of 492945
 93932 string characters out of 3125809
 181788 words of memory out of 3000000
 9526 multiletter control sequences out of 15000+200000
 24083 words of font info for 67 fonts, out of 3000000 for 9000
 1141 hyphenation exceptions out of 8191
 42i,19n,43p,1810b,524s stack positions out of 5000i,500n,10000p,200000b,50000s
 <C:\Users\AlexLW\AppData\Local\MiKTeX\2.9\fonts/pk/ljfour/jknappen/ec/dpi600
\ectt1095.pk> <C:\Users\AlexLW\AppData\Local\MiKTeX\2.9\fonts/pk/ljfour/jknappe
n/ec/dpi600\ectt1200.pk> <C:\Users\AlexLW\AppData\Local\MiKTeX\2.9\fonts/pk/ljf
our/jknappen/ec/dpi600\ecrm1095.pk> <C:\Users\AlexLW\AppData\Local\MiKTeX\2.9\f
onts/pk/ljfour/jknappen/ec/dpi600\ecsl1200.pk> <C:\Users\AlexLW\AppData\Local\M
iKTeX\2.9\fonts/pk/ljfour/jknappen/ec/dpi600\ecbx1440.pk> <C:\Users\AlexLW\AppD
ata\Local\MiKTeX\2.9\fonts/pk/ljfour/jknappen/ec/dpi600\ecbx1728.pk> <C:\Users\
AlexLW\AppData\Local\MiKTeX\2.9\fonts/pk/ljfour/jknappen/ec/dpi600\ecbx2488.pk>
 <C:\Users\AlexLW\AppData\Local\MiKTeX\2.9\fonts/pk/ljfour/jknappen/ec/dpi600\e
crm0800.pk> <C:\Users\AlexLW\AppData\Local\MiKTeX\2.9\fonts/pk/ljfour/jknappen/
ec/dpi600\ecrm1200.pk> <C:\Users\AlexLW\AppData\Local\MiKTeX\2.9\fonts/pk/ljfou
r/jknappen/ec/dpi600\ecbx1200.pk> <C:\Users\AlexLW\AppData\Local\MiKTeX\2.9\fon
ts/pk/ljfour/jknappen/ec/dpi600\eccc2488.pk><C:/Users/AlexLW/AppData/Local/Prog
rams/MiKTeX 2.9/fonts/type1/public/amsfonts/cm/cmex10.pfb><C:/Users/AlexLW/AppD
ata/Local/Programs/MiKTeX 2.9/fonts/type1/public/amsfonts/cm/cmmi10.pfb><C:/Use
rs/AlexLW/AppData/Local/Programs/MiKTeX 2.9/fonts/type1/public/amsfonts/cm/cmmi
12.pfb><C:/Users/AlexLW/AppData/Local/Programs/MiKTeX 2.9/fonts/type1/public/am
sfonts/cm/cmmi6.pfb><C:/Users/AlexLW/AppData/Local/Programs/MiKTeX 2.9/fonts/ty
pe1/public/amsfonts/cm/cmmi8.pfb><C:/Users/AlexLW/AppData/Local/Programs/MiKTeX
 2.9/fonts/type1/public/amsfonts/cm/cmr10.pfb><C:/Users/AlexLW/AppData/Local/Pr
ograms/MiKTeX 2.9/fonts/type1/public/amsfonts/cm/cmr12.pfb><C:/Users/AlexLW/App
Data/Local/Programs/MiKTeX 2.9/fonts/type1/public/amsfonts/cm/cmr6.pfb><C:/User
s/AlexLW/AppData/Local/Programs/MiKTeX 2.9/fonts/type1/public/amsfonts/cm/cmr8.
pfb><C:/Users/AlexLW/AppData/Local/Programs/MiKTeX 2.9/fonts/type1/public/amsfo
nts/cm/cmsy10.pfb><C:/Users/AlexLW/AppData/Local/Programs/MiKTeX 2.9/fonts/type
1/public/amsfonts/cm/cmsy8.pfb><C:/Users/AlexLW/AppData/Local/Programs/MiKTeX 2
.9/fonts/type1/public/amsfonts/symbols/msam10.pfb>
Output written on mphil_thesis_final_alw_corrections.pdf (58 pages, 1193244 byt
es).
PDF statistics:
 1250 PDF objects out of 1440 (max. 8388607)
 0 named destinations out of 1000 (max. 500000)
 101 words of extra memory for PDF output out of 10000 (max. 10000000)

