This is pdfTeX, Version 3.14159265-2.6-1.40.20 (MiKTeX 2.9.7000 64-bit) (preloaded format=pdflatex 2019.4.8)  18 FEB 2020 16:50
entering extended mode
**./mphil_thesis_final_alw_corrections_post_viva.tex
(mphil_thesis_final_alw_corrections_post_viva.tex
LaTeX2e <2018-12-01>
("C:\Users\AlexLW\AppData\Local\Programs\MiKTeX 2.9\tex/latex/base\report.cls"
Document Class: report 2018/09/03 v1.4i Standard LaTeX document class
("C:\Users\AlexLW\AppData\Local\Programs\MiKTeX 2.9\tex/latex/base\size12.clo"
File: size12.clo 2018/09/03 v1.4i Standard LaTeX file (size option)
)
\c@part=\count80
\c@chapter=\count81
\c@section=\count82
\c@subsection=\count83
\c@subsubsection=\count84
\c@paragraph=\count85
\c@subparagraph=\count86
\c@figure=\count87
\c@table=\count88
\abovecaptionskip=\skip41
\belowcaptionskip=\skip42
\bibindent=\dimen102
)
("C:\Users\AlexLW\AppData\Local\Programs\MiKTeX 2.9\tex/generic/babel\babel.sty
"
Package: babel 2019/04/01 3.28 The Babel package

("C:\Users\AlexLW\AppData\Local\Programs\MiKTeX 2.9\tex/generic/babel\switch.de
f"
File: switch.def 2019/04/01 3.28 Babel switching mechanism
)
*************************************
* Local config file bblopts.cfg used
*
("C:\Users\AlexLW\AppData\Local\Programs\MiKTeX 2.9\tex/latex/arabi\bblopts.cfg
"
File: bblopts.cfg 2005/09/08 v0.1 add Arabic and Farsi to "declared" options of
 babel
)
("C:\Users\AlexLW\AppData\Local\Programs\MiKTeX 2.9\tex/latex/babel-english\eng
lish.ldf"
Language: english 2017/06/06 v3.3r English support from the babel system

("C:\Users\AlexLW\AppData\Local\Programs\MiKTeX 2.9\tex/generic/babel\babel.def
"
File: babel.def 2019/04/01 3.28 Babel common definitions
\babel@savecnt=\count89
\U@D=\dimen103

("C:\Users\AlexLW\AppData\Local\Programs\MiKTeX 2.9\tex/generic/babel\txtbabel.
def")
\bbl@dirlevel=\count90
)
\l@canadian = a dialect from \language\l@american 
\l@australian = a dialect from \language\l@british 
\l@newzealand = a dialect from \language\l@british 
))
("C:\Users\AlexLW\AppData\Local\Programs\MiKTeX 2.9\tex/latex/base\inputenc.sty
"
Package: inputenc 2018/08/11 v1.3c Input encoding file
\inpenc@prehook=\toks14
\inpenc@posthook=\toks15
 ("C:\Users\AlexLW\AppData\Local\Programs\MiKTeX 2.9\tex/latex/ucs\utf8x.def"
File: utf8x.def 2004/10/17 UCS: Input encoding UTF-8
)) ("C:\Users\AlexLW\AppData\Local\Programs\MiKTeX 2.9\tex/latex/ucs\ucs.sty"
Package: ucs 2013/05/11 v2.2 UCS: Unicode input support

("C:\Users\AlexLW\AppData\Local\Programs\MiKTeX 2.9\tex/latex/ucs\uni-global.de
f"
File: uni-global.def 2013/05/13 UCS: Unicode global data
)
\uc@secondtry=\count91
\uc@combtoks=\toks16
\uc@combtoksb=\toks17
\uc@temptokena=\toks18
)
("C:\Users\AlexLW\AppData\Local\Programs\MiKTeX 2.9\tex/latex/base\fontenc.sty"
Package: fontenc 2018/08/11 v2.0j Standard LaTeX package
("C:\Users\AlexLW\AppData\Local\Programs\MiKTeX 2.9\tex/latex/base\t1enc.def"
File: t1enc.def 2018/08/11 v2.0j Standard LaTeX file
LaTeX Font Info:    Redeclaring font encoding T1 on input line 48.
))
("C:\Users\AlexLW\AppData\Local\Programs\MiKTeX 2.9\tex/latex/graphics\graphicx
.sty"
Package: graphicx 2017/06/01 v1.1a Enhanced LaTeX Graphics (DPC,SPQR)

("C:\Users\AlexLW\AppData\Local\Programs\MiKTeX 2.9\tex/latex/graphics\keyval.s
ty"
Package: keyval 2014/10/28 v1.15 key=value parser (DPC)
\KV@toks@=\toks19
)
("C:\Users\AlexLW\AppData\Local\Programs\MiKTeX 2.9\tex/latex/graphics\graphics
.sty"
Package: graphics 2017/06/25 v1.2c Standard LaTeX Graphics (DPC,SPQR)

("C:\Users\AlexLW\AppData\Local\Programs\MiKTeX 2.9\tex/latex/graphics\trig.sty
"
Package: trig 2016/01/03 v1.10 sin cos tan (DPC)
)
("C:\Users\AlexLW\AppData\Local\Programs\MiKTeX 2.9\tex/latex/graphics-cfg\grap
hics.cfg"
File: graphics.cfg 2016/06/04 v1.11 sample graphics configuration
)
Package graphics Info: Driver file: pdftex.def on input line 99.

("C:\Users\AlexLW\AppData\Local\Programs\MiKTeX 2.9\tex/latex/graphics-def\pdft
ex.def"
File: pdftex.def 2018/01/08 v1.0l Graphics/color driver for pdftex
))
\Gin@req@height=\dimen104
\Gin@req@width=\dimen105
)
("C:\Users\AlexLW\AppData\Local\Programs\MiKTeX 2.9\tex/latex/was\upgreek.sty"
Package: upgreek 2003/02/12 v2.0 (WaS)
Package upgreek Info: Using Euler Roman for upright Greek on input line 31.
\symugrf@m=\mathgroup4
LaTeX Font Info:    Overwriting symbol font `ugrf@m' in version `bold'
(Font)                  U/eur/m/n --> U/eur/b/n on input line 38.
) ("C:\Users\AlexLW\AppData\Local\Programs\MiKTeX 2.9\tex/latex/float\float.sty
"
Package: float 2001/11/08 v1.3d Float enhancements (AL)
\c@float@type=\count92
\float@exts=\toks20
\float@box=\box27
\@float@everytoks=\toks21
\@floatcapt=\box28
)
("C:\Users\AlexLW\AppData\Local\Programs\MiKTeX 2.9\tex/latex/natbib\natbib.sty
"
Package: natbib 2010/09/13 8.31b (PWD, AO)
\bibhang=\skip43
\bibsep=\skip44
LaTeX Info: Redefining \cite on input line 694.
\c@NAT@ctr=\count93
)
("C:\Users\AlexLW\AppData\Local\Programs\MiKTeX 2.9\tex/latex/amsmath\amsmath.s
ty"
Package: amsmath 2018/12/01 v2.17b AMS math features
\@mathmargin=\skip45

For additional information on amsmath, use the `?' option.

("C:\Users\AlexLW\AppData\Local\Programs\MiKTeX 2.9\tex/latex/amsmath\amstext.s
ty"
Package: amstext 2000/06/29 v2.01 AMS text

("C:\Users\AlexLW\AppData\Local\Programs\MiKTeX 2.9\tex/latex/amsmath\amsgen.st
y"
File: amsgen.sty 1999/11/30 v2.0 generic functions
\@emptytoks=\toks22
\ex@=\dimen106
))
("C:\Users\AlexLW\AppData\Local\Programs\MiKTeX 2.9\tex/latex/amsmath\amsbsy.st
y"
Package: amsbsy 1999/11/29 v1.2d Bold Symbols
\pmbraise@=\dimen107
)
("C:\Users\AlexLW\AppData\Local\Programs\MiKTeX 2.9\tex/latex/amsmath\amsopn.st
y"
Package: amsopn 2016/03/08 v2.02 operator names
)
\inf@bad=\count94
LaTeX Info: Redefining \frac on input line 223.
\uproot@=\count95
\leftroot@=\count96
LaTeX Info: Redefining \overline on input line 385.
\classnum@=\count97
\DOTSCASE@=\count98
LaTeX Info: Redefining \ldots on input line 482.
LaTeX Info: Redefining \dots on input line 485.
LaTeX Info: Redefining \cdots on input line 606.
\Mathstrutbox@=\box29
\strutbox@=\box30
\big@size=\dimen108
LaTeX Font Info:    Redeclaring font encoding OML on input line 729.
LaTeX Font Info:    Redeclaring font encoding OMS on input line 730.
\macc@depth=\count99
\c@MaxMatrixCols=\count100
\dotsspace@=\muskip10
\c@parentequation=\count101
\dspbrk@lvl=\count102
\tag@help=\toks23
\row@=\count103
\column@=\count104
\maxfields@=\count105
\andhelp@=\toks24
\eqnshift@=\dimen109
\alignsep@=\dimen110
\tagshift@=\dimen111
\tagwidth@=\dimen112
\totwidth@=\dimen113
\lineht@=\dimen114
\@envbody=\toks25
\multlinegap=\skip46
\multlinetaggap=\skip47
\mathdisplay@stack=\toks26
LaTeX Info: Redefining \[ on input line 2844.
LaTeX Info: Redefining \] on input line 2845.
)
("C:\Users\AlexLW\AppData\Local\Programs\MiKTeX 2.9\tex/latex/multirow\multirow
.sty"
Package: multirow 2019/01/01 v2.4 Span multiple rows of a table
\multirow@colwidth=\skip48
\multirow@cntb=\count106
\multirow@dima=\skip49
\bigstrutjot=\dimen115
)
("C:\Users\AlexLW\AppData\Local\Programs\MiKTeX 2.9\tex/latex/amsfonts\amssymb.
sty"
Package: amssymb 2013/01/14 v3.01 AMS font symbols

("C:\Users\AlexLW\AppData\Local\Programs\MiKTeX 2.9\tex/latex/amsfonts\amsfonts
.sty"
Package: amsfonts 2013/01/14 v3.01 Basic AMSFonts support
\symAMSa=\mathgroup5
\symAMSb=\mathgroup6
LaTeX Font Info:    Overwriting math alphabet `\mathfrak' in version `bold'
(Font)                  U/euf/m/n --> U/euf/b/n on input line 106.
))
("C:\Users\AlexLW\AppData\Local\Programs\MiKTeX 2.9\tex/latex/tools\tabularx.st
y"
Package: tabularx 2016/02/03 v2.11b `tabularx' package (DPC)
 ("C:\Users\AlexLW\AppData\Local\Programs\MiKTeX 2.9\tex/latex/tools\array.sty"
Package: array 2018/12/30 v2.4k Tabular extension package (FMi)
\col@sep=\dimen116
\ar@mcellbox=\box31
\extrarowheight=\dimen117
\NC@list=\toks27
\extratabsurround=\skip50
\backup@length=\skip51
\ar@cellbox=\box32
)
\TX@col@width=\dimen118
\TX@old@table=\dimen119
\TX@old@col=\dimen120
\TX@target=\dimen121
\TX@delta=\dimen122
\TX@cols=\count107
\TX@ftn=\toks28
)
("C:\Users\AlexLW\AppData\Local\Programs\MiKTeX 2.9\tex/latex/ms\ragged2e.sty"
Package: ragged2e 2009/05/21 v2.1 ragged2e Package (MS)

("C:\Users\AlexLW\AppData\Local\Programs\MiKTeX 2.9\tex/latex/ms\everysel.sty"
Package: everysel 2011/10/28 v1.2 EverySelectfont Package (MS)
)
\CenteringLeftskip=\skip52
\RaggedLeftLeftskip=\skip53
\RaggedRightLeftskip=\skip54
\CenteringRightskip=\skip55
\RaggedLeftRightskip=\skip56
\RaggedRightRightskip=\skip57
\CenteringParfillskip=\skip58
\RaggedLeftParfillskip=\skip59
\RaggedRightParfillskip=\skip60
\JustifyingParfillskip=\skip61
\CenteringParindent=\skip62
\RaggedLeftParindent=\skip63
\RaggedRightParindent=\skip64
\JustifyingParindent=\skip65
)
("C:\Users\AlexLW\AppData\Local\Programs\MiKTeX 2.9\tex/latex/booktabs\booktabs
.sty"
Package: booktabs 2005/04/14 v1.61803 publication quality tables
\heavyrulewidth=\dimen123
\lightrulewidth=\dimen124
\cmidrulewidth=\dimen125
\belowrulesep=\dimen126
\belowbottomsep=\dimen127
\aboverulesep=\dimen128
\abovetopsep=\dimen129
\cmidrulesep=\dimen130
\cmidrulekern=\dimen131
\defaultaddspace=\dimen132
\@cmidla=\count108
\@cmidlb=\count109
\@aboverulesep=\dimen133
\@belowrulesep=\dimen134
\@thisruleclass=\count110
\@lastruleclass=\count111
\@thisrulewidth=\dimen135
)
("C:\Users\AlexLW\AppData\Local\Programs\MiKTeX 2.9\tex/latex/caption\caption.s
ty"
Package: caption 2018/10/06 v3.3-154 Customizing captions (AR)

("C:\Users\AlexLW\AppData\Local\Programs\MiKTeX 2.9\tex/latex/caption\caption3.
sty"
Package: caption3 2018/09/12 v1.8c caption3 kernel (AR)
Package caption3 Info: TeX engine: e-TeX on input line 64.
\captionmargin=\dimen136
\captionmargin@=\dimen137
\captionwidth=\dimen138
\caption@tempdima=\dimen139
\caption@indent=\dimen140
\caption@parindent=\dimen141
\caption@hangindent=\dimen142
)
\c@caption@flags=\count112
\c@ContinuedFloat=\count113
Package caption Info: float package is loaded.
)
("C:\Users\AlexLW\AppData\Local\Programs\MiKTeX 2.9\tex/latex/setspace\setspace
.sty"
Package: setspace 2011/12/19 v6.7a set line spacing
)
("C:\Users\AlexLW\AppData\Local\Programs\MiKTeX 2.9\tex/latex/oberdiek\epstopdf
.sty"
Package: epstopdf 2016/05/15 v2.6 Conversion with epstopdf on the fly (HO)

("C:\Users\AlexLW\AppData\Local\Programs\MiKTeX 2.9\tex/latex/oberdiek\epstopdf
-base.sty"
Package: epstopdf-base 2016/05/15 v2.6 Base part for package epstopdf

("C:\Users\AlexLW\AppData\Local\Programs\MiKTeX 2.9\tex/generic/oberdiek\infwar
err.sty"
Package: infwarerr 2016/05/16 v1.4 Providing info/warning/error messages (HO)
)
("C:\Users\AlexLW\AppData\Local\Programs\MiKTeX 2.9\tex/latex/oberdiek\grfext.s
ty"
Package: grfext 2016/05/16 v1.2 Manage graphics extensions (HO)

("C:\Users\AlexLW\AppData\Local\Programs\MiKTeX 2.9\tex/generic/oberdiek\kvdefi
nekeys.sty"
Package: kvdefinekeys 2016/05/16 v1.4 Define keys (HO)

("C:\Users\AlexLW\AppData\Local\Programs\MiKTeX 2.9\tex/generic/oberdiek\ltxcmd
s.sty"
Package: ltxcmds 2016/05/16 v1.23 LaTeX kernel commands for general use (HO)
)))
("C:\Users\AlexLW\AppData\Local\Programs\MiKTeX 2.9\tex/latex/oberdiek\kvoption
s.sty"
Package: kvoptions 2016/05/16 v3.12 Key value format for package options (HO)

("C:\Users\AlexLW\AppData\Local\Programs\MiKTeX 2.9\tex/generic/oberdiek\kvsetk
eys.sty"
Package: kvsetkeys 2016/05/16 v1.17 Key value parser (HO)

("C:\Users\AlexLW\AppData\Local\Programs\MiKTeX 2.9\tex/generic/oberdiek\etexcm
ds.sty"
Package: etexcmds 2016/05/16 v1.6 Avoid name clashes with e-TeX commands (HO)

("C:\Users\AlexLW\AppData\Local\Programs\MiKTeX 2.9\tex/generic/oberdiek\ifluat
ex.sty"
Package: ifluatex 2016/05/16 v1.4 Provides the ifluatex switch (HO)
Package ifluatex Info: LuaTeX not detected.
))))
("C:\Users\AlexLW\AppData\Local\Programs\MiKTeX 2.9\tex/generic/oberdiek\pdftex
cmds.sty"
Package: pdftexcmds 2018/09/10 v0.29 Utility functions of pdfTeX for LuaTeX (HO
)

("C:\Users\AlexLW\AppData\Local\Programs\MiKTeX 2.9\tex/generic/oberdiek\ifpdf.
sty"
Package: ifpdf 2018/09/07 v3.3 Provides the ifpdf switch
)
Package pdftexcmds Info: LuaTeX not detected.
Package pdftexcmds Info: \pdf@primitive is available.
Package pdftexcmds Info: \pdf@ifprimitive is available.
Package pdftexcmds Info: \pdfdraftmode found.
)
Package epstopdf-base Info: Redefining graphics rule for `.eps' on input line 4
38.
Package grfext Info: Graphics extension search list:
(grfext)             [.pdf,.png,.jpg,.mps,.jpeg,.jbig2,.jb2,.PDF,.PNG,.JPG,.JPE
G,.JBIG2,.JB2,.eps]
(grfext)             \AppendGraphicsExtensions on input line 456.
))
("C:\Users\AlexLW\AppData\Local\Programs\MiKTeX 2.9\tex/latex/caption\subcaptio
n.sty"
Package: subcaption 2018/05/01 v1.1-162 Sub-captions (AR)
\c@subfigure=\count114
\c@subtable=\count115
)
("C:\Users\AlexLW\AppData\Local\Programs\MiKTeX 2.9\tex/latex/url\url.sty"
\Urlmuskip=\muskip11
Package: url 2013/09/16  ver 3.4  Verb mode for urls, etc.
)
("C:\Users\AlexLW\AppData\Local\Programs\MiKTeX 2.9\tex/latex/footmisc\footmisc
.sty"
Package: footmisc 2011/06/06 v5.5b a miscellany of footnote facilities
\FN@temptoken=\toks29
\footnotemargin=\dimen143
\c@pp@next@reset=\count116
Package footmisc Info: Declaring symbol style bringhurst on input line 855.
Package footmisc Info: Declaring symbol style chicago on input line 863.
Package footmisc Info: Declaring symbol style wiley on input line 872.
Package footmisc Info: Declaring symbol style lamport-robust on input line 883.

Package footmisc Info: Declaring symbol style lamport* on input line 903.
Package footmisc Info: Declaring symbol style lamport*-robust on input line 924
.
) (mphil_thesis_final_alw_corrections_post_viva.aux)
\openout1 = `mphil_thesis_final_alw_corrections_post_viva.aux'.

LaTeX Font Info:    Checking defaults for OML/cmm/m/it on input line 86.
LaTeX Font Info:    ... okay on input line 86.
LaTeX Font Info:    Checking defaults for T1/cmr/m/n on input line 86.
LaTeX Font Info:    ... okay on input line 86.
LaTeX Font Info:    Checking defaults for OT1/cmr/m/n on input line 86.
LaTeX Font Info:    ... okay on input line 86.
LaTeX Font Info:    Checking defaults for OMS/cmsy/m/n on input line 86.
LaTeX Font Info:    ... okay on input line 86.
LaTeX Font Info:    Checking defaults for OMX/cmex/m/n on input line 86.
LaTeX Font Info:    ... okay on input line 86.
LaTeX Font Info:    Checking defaults for U/cmr/m/n on input line 86.
LaTeX Font Info:    ... okay on input line 86.

("C:\Users\AlexLW\AppData\Local\Programs\MiKTeX 2.9\tex/latex/ucs\ucsencs.def"
File: ucsencs.def 2011/01/21 Fixes to fontencodings LGR, T3
)
("C:\Users\AlexLW\AppData\Local\Programs\MiKTeX 2.9\tex/context/base/mkii\supp-
pdf.mkii"
[Loading MPS to PDF converter (version 2006.09.02).]
\scratchcounter=\count117
\scratchdimen=\dimen144
\scratchbox=\box33
\nofMPsegments=\count118
\nofMParguments=\count119
\everyMPshowfont=\toks30
\MPscratchCnt=\count120
\MPscratchDim=\dimen145
\MPnumerator=\count121
\makeMPintoPDFobject=\count122
\everyMPtoPDFconversion=\toks31
) ABD: EverySelectfont initializing macros
LaTeX Info: Redefining \selectfont on input line 86.
Package caption Info: Begin \AtBeginDocument code.
Package caption Info: End \AtBeginDocument code.
 [1

{C:/Users/AlexLW/AppData/Local/MiKTeX/2.9/pdftex/config/pdftex.map}]
LaTeX Font Info:    Try loading font information for U+msa on input line 119.

("C:\Users\AlexLW\AppData\Local\Programs\MiKTeX 2.9\tex/latex/amsfonts\umsa.fd"
File: umsa.fd 2013/01/14 v3.01 AMS symbols A
)
LaTeX Font Info:    Try loading font information for U+msb on input line 119.
 ("C:\Users\AlexLW\AppData\Local\Programs\MiKTeX 2.9\tex/latex/amsfonts\umsb.fd
"
File: umsb.fd 2013/01/14 v3.01 AMS symbols B
)
Underfull \hbox (badness 10000) in paragraph at lines 119--120

 []


Underfull \hbox (badness 10000) in paragraph at lines 121--122

 []

[1]
Underfull \hbox (badness 10000) in paragraph at lines 126--127

 []


Underfull \hbox (badness 10000) in paragraph at lines 128--129

 []


Underfull \hbox (badness 10000) in paragraph at lines 130--131

 []


Underfull \hbox (badness 10000) in paragraph at lines 132--133

 []


Underfull \hbox (badness 10000) in paragraph at lines 134--160

 []

[1]
Chapter 1.

Underfull \hbox (badness 10000) in paragraph at lines 164--165

 []


Underfull \hbox (badness 10000) in paragraph at lines 176--177

 []


Underfull \hbox (badness 10000) in paragraph at lines 206--208

 []

[2

]
Underfull \hbox (badness 10000) in paragraph at lines 214--216

 []


Underfull \hbox (badness 10000) in paragraph at lines 220--221

 []


Underfull \hbox (badness 10000) in paragraph at lines 239--241

 []

[3]
Underfull \hbox (badness 10000) in paragraph at lines 247--249

 []


Underfull \hbox (badness 10000) in paragraph at lines 251--252

 []


Underfull \hbox (badness 10000) in paragraph at lines 256--257

 []


Underfull \hbox (badness 10000) in paragraph at lines 281--282

 []

<cardelli_curve_fig4_crop.png, id=32, 475.7775pt x 440.39531pt>
File: cardelli_curve_fig4_crop.png Graphic file (type png)
<use cardelli_curve_fig4_crop.png>
Package pdftex.def Info: cardelli_curve_fig4_crop.png  used on input line 285.
(pdftex.def)             Requested size: 441.01772pt x 408.23958pt.
[4]
Underfull \hbox (badness 10000) in paragraph at lines 291--292

 []

[5 <./cardelli_curve_fig4_crop.png>]
Underfull \hbox (badness 10000) in paragraph at lines 298--300

 []


Underfull \hbox (badness 10000) in paragraph at lines 301--302

 []


Underfull \hbox (badness 10000) in paragraph at lines 303--304

 []

[6]
Underfull \hbox (badness 10000) in paragraph at lines 310--312

 []


Underfull \hbox (badness 10000) in paragraph at lines 319--320

 []

<blackbody_teff_logF_illustration.pdf, id=47, 722.7pt x 505.89pt>
File: blackbody_teff_logF_illustration.pdf Graphic file (type pdf)
<use blackbody_teff_logF_illustration.pdf>
Package pdftex.def Info: blackbody_teff_logF_illustration.pdf  used on input li
ne 323.
(pdftex.def)             Requested size: 441.01772pt x 308.71594pt.

LaTeX Warning: `!h' float specifier changed to `!ht'.


Underfull \hbox (badness 10000) in paragraph at lines 341--343

 []

[7]
Underfull \hbox (badness 10000) in paragraph at lines 349--351

 []

[8 <./blackbody_teff_logF_illustration.pdf>]
Underfull \hbox (badness 10000) in paragraph at lines 357--359

 []


Underfull \hbox (badness 10000) in paragraph at lines 365--367

 []


Underfull \hbox (badness 10000) in paragraph at lines 370--371

 []

[9]
Underfull \hbox (badness 10000) in paragraph at lines 372--373

 []

[10]
Underfull \hbox (badness 10000) in paragraph at lines 393--395

 []


Underfull \hbox (badness 10000) in paragraph at lines 396--397

 []


Underfull \hbox (badness 10000) in paragraph at lines 398--399

 []


Underfull \hbox (badness 10000) in paragraph at lines 400--401

 []


Underfull \hbox (badness 10000) in paragraph at lines 402--403

 []

[11]
Underfull \hbox (badness 10000) in paragraph at lines 421--423

 []


Underfull \hbox (badness 10000) in paragraph at lines 426--427

 []

[12]
Underfull \hbox (badness 10000) in paragraph at lines 428--429

 []


Underfull \hbox (badness 10000) in paragraph at lines 430--431

 []

[13]
Underfull \hbox (badness 10000) in paragraph at lines 432--433

 []


Underfull \hbox (badness 10000) in paragraph at lines 435--436

 []


Underfull \hbox (badness 10000) in paragraph at lines 445--446

 []

[14]
Chapter 2.

Underfull \hbox (badness 10000) in paragraph at lines 453--454

 []


Underfull \hbox (badness 10000) in paragraph at lines 455--456

 []

[15

]
Underfull \hbox (badness 10000) in paragraph at lines 463--465

 []


Underfull \hbox (badness 10000) in paragraph at lines 471--473

 []

[16] [17]
Underfull \hbox (badness 10000) in paragraph at lines 507--509

 []


Underfull \hbox (badness 10000) in paragraph at lines 523--526

 []


Underfull \hbox (badness 10000) in paragraph at lines 527--528

 []

[18]
Underfull \hbox (badness 10000) in paragraph at lines 531--532

 []


Underfull \hbox (badness 10000) in paragraph at lines 533--534

 []


Underfull \hbox (badness 10000) in paragraph at lines 536--537

 []


Underfull \hbox (badness 10000) in paragraph at lines 554--555

 []

[19]
Underfull \hbox (badness 10000) in paragraph at lines 561--563

 []


Underfull \hbox (badness 10000) in paragraph at lines 564--565

 []


Underfull \hbox (badness 10000) in paragraph at lines 566--567

 []

<ATLAS9_grid_BaSTI_coverage_2ages_crop.png, id=141, 638.385pt x 423.984pt>
File: ATLAS9_grid_BaSTI_coverage_2ages_crop.png Graphic file (type png)
<use ATLAS9_grid_BaSTI_coverage_2ages_crop.png>
Package pdftex.def Info: ATLAS9_grid_BaSTI_coverage_2ages_crop.png  used on inp
ut line 570.
(pdftex.def)             Requested size: 441.01772pt x 292.90508pt.

LaTeX Warning: `h' float specifier changed to `ht'.


Underfull \hbox (badness 10000) in paragraph at lines 577--578

 []

[20]
LaTeX Font Info:    Try loading font information for T1+cmtt on input line 579.


("C:\Users\AlexLW\AppData\Local\Programs\MiKTeX 2.9\tex/latex/base\t1cmtt.fd"
File: t1cmtt.fd 2014/09/29 v2.5h Standard LaTeX font definitions
)
Underfull \hbox (badness 10000) in paragraph at lines 579--580

 []


Underfull \hbox (badness 10000) in paragraph at lines 582--583

 []

[21 <./ATLAS9_grid_BaSTI_coverage_2ages_crop.png>]
Underfull \hbox (badness 10000) in paragraph at lines 584--585

 []


Underfull \hbox (badness 10000) in paragraph at lines 586--587

 []

<GaiaDR2Passbands.png, id=152, 853.1875pt x 602.25pt>
File: GaiaDR2Passbands.png Graphic file (type png)
<use GaiaDR2Passbands.png>
Package pdftex.def Info: GaiaDR2Passbands.png  used on input line 590.
(pdftex.def)             Requested size: 441.01772pt x 311.3155pt.

LaTeX Warning: `!h' float specifier changed to `!ht'.

<ACS_Wide.png, id=153, 702.625pt x 451.6875pt>
File: ACS_Wide.png Graphic file (type png)
<use ACS_Wide.png>
Package pdftex.def Info: ACS_Wide.png  used on input line 598.
(pdftex.def)             Requested size: 441.01772pt x 283.51701pt.

LaTeX Warning: `h' float specifier changed to `ht'.

<UVIS_Wide1.jpg, id=154, 505.89pt x 361.35pt>
File: UVIS_Wide1.jpg Graphic file (type jpg)
<use UVIS_Wide1.jpg>
Package pdftex.def Info: UVIS_Wide1.jpg  used on input line 606.
(pdftex.def)             Requested size: 441.01772pt x 315.01707pt.

LaTeX Warning: `!h' float specifier changed to `!ht'.

<UVIS_Wide2.jpg, id=155, 505.89pt x 361.35pt>
File: UVIS_Wide2.jpg Graphic file (type jpg)
<use UVIS_Wide2.jpg>
Package pdftex.def Info: UVIS_Wide2.jpg  used on input line 614.
(pdftex.def)             Requested size: 441.01772pt x 315.01707pt.

LaTeX Warning: `h' float specifier changed to `ht'.


Underfull \hbox (badness 10000) in paragraph at lines 662--663

 []


Underfull \hbox (badness 10000) in paragraph at lines 667--668

 []

[22] [23]
Underfull \hbox (badness 10000) in paragraph at lines 669--670

 []

[24 <./GaiaDR2Passbands.png>]
Underfull \hbox (badness 10000) in paragraph at lines 671--672

 []


Underfull \hbox (badness 10000) in paragraph at lines 675--676

 []

[25 <./ACS_Wide.png>]
Underfull \hbox (badness 10000) in paragraph at lines 695--696

 []

[26 <./UVIS_Wide1.jpg>]
Underfull \hbox (badness 10000) in paragraph at lines 697--698

 []


Underfull \hbox (badness 10000) in paragraph at lines 700--701

 []

[27 <./UVIS_Wide2.jpg>]
Underfull \hbox (badness 10000) in paragraph at lines 702--703

 []


Overfull \hbox (31.53171pt too wide) in paragraph at lines 706--721
 [] 
 []


Underfull \hbox (badness 10000) in paragraph at lines 727--728

 []

[28]
Underfull \hbox (badness 10000) in paragraph at lines 729--730

 []


Underfull \hbox (badness 10000) in paragraph at lines 740--741

 []

[29]
Chapter 3.
LaTeX Font Info:    Try loading font information for OMS+cmr on input line 749.

("C:\Users\AlexLW\AppData\Local\Programs\MiKTeX 2.9\tex/latex/base\omscmr.fd"
File: omscmr.fd 2014/09/29 v2.5h Standard LaTeX font definitions
)
LaTeX Font Info:    Font shape `OMS/cmr/m/n' in size <12> not available
(Font)              Font shape `OMS/cmsy/m/n' tried instead on input line 749.

Underfull \hbox (badness 10000) in paragraph at lines 755--756

 []


Underfull \hbox (badness 10000) in paragraph at lines 757--758

 []

[30

]
Underfull \hbox (badness 10000) in paragraph at lines 760--761

 []


Underfull \hbox (badness 10000) in paragraph at lines 762--763

 []

<../just_full_data/comb/AHub_FeH0p0_just_Teff_plot_lines.pdf, id=188, 1146.1445
3pt x 1120.03123pt>
File: ../just_full_data/comb/AHub_FeH0p0_just_Teff_plot_lines.pdf Graphic file 
(type pdf)
<use ../just_full_data/comb/AHub_FeH0p0_just_Teff_plot_lines.pdf>
Package pdftex.def Info: ../just_full_data/comb/AHub_FeH0p0_just_Teff_plot_line
s.pdf  used on input line 766.
(pdftex.def)             Requested size: 507.88533pt x 496.31877pt.

Overfull \hbox (66.86761pt too wide) in paragraph at lines 766--767
 [] 
 []


LaTeX Warning: `!h' float specifier changed to `!ht'.

<../just_full_data/ACS/AHub_FeH0p0_just_Teff_plot_lines.pdf, id=189, 1147.79352
pt x 1146.35468pt>
File: ../just_full_data/ACS/AHub_FeH0p0_just_Teff_plot_lines.pdf Graphic file (
type pdf)
<use ../just_full_data/ACS/AHub_FeH0p0_just_Teff_plot_lines.pdf>
Package pdftex.def Info: ../just_full_data/ACS/AHub_FeH0p0_just_Teff_plot_lines
.pdf  used on input line 774.
(pdftex.def)             Requested size: 441.01772pt x 440.46457pt.

LaTeX Warning: `h' float specifier changed to `ht'.


Underfull \hbox (badness 10000) in paragraph at lines 780--781

 []


Underfull \hbox (badness 10000) in paragraph at lines 782--783

 []

[31]
Underfull \hbox (badness 10000) in paragraph at lines 786--787

 []

[32 <../just_full_data/comb/AHub_FeH0p0_just_Teff_plot_lines.pdf>]
Underfull \hbox (badness 10000) in paragraph at lines 798--800

 []

[33]
Overfull \hbox (26.69089pt too wide) in paragraph at lines 801--802
[]\T1/cmr/m/n/12 For the wide-field WFC3, ACS (Casagrande & Van-den-Berg, 2014)
 and Gaia (Casagrande
 []


Underfull \hbox (badness 10000) in paragraph at lines 806--808

 []


Underfull \hbox (badness 10000) in paragraph at lines 809--810

 []


Underfull \hbox (badness 10000) in paragraph at lines 811--812

 []

<generic_logistic_params_illustration.pdf, id=240, 794.97pt x 794.97pt>
File: generic_logistic_params_illustration.pdf Graphic file (type pdf)
<use generic_logistic_params_illustration.pdf>
Package pdftex.def Info: generic_logistic_params_illustration.pdf  used on inpu
t line 816.
(pdftex.def)             Requested size: 441.01772pt x 441.03162pt.

LaTeX Warning: `!h' float specifier changed to `!ht'.

[34]
Underfull \hbox (badness 10000) in paragraph at lines 831--832

 []


Underfull \hbox (badness 10000) in paragraph at lines 833--834

 []

[35]
Underfull \hbox (badness 10000) in paragraph at lines 843--844

 []


Overfull \hbox (20.58733pt too wide) in paragraph at lines 882--903
 [] 
 []


Underfull \hbox (badness 10000) in paragraph at lines 914--916

 []

[36] [37]
Underfull \hbox (badness 10000) in paragraph at lines 917--918

 []


Underfull \hbox (badness 10000) in paragraph at lines 921--922

 []


Underfull \hbox (badness 10000) in paragraph at lines 923--924

 []


Underfull \hbox (badness 10000) in paragraph at lines 925--926

 []

[38]
Underfull \hbox (badness 10000) in paragraph at lines 927--928

 []


Underfull \hbox (badness 10000) in paragraph at lines 930--931

 []

<../basti_isochrones_10_13Gyr/Extinction_T5k_FeH0fix_func_f435wACS_f435wACSmf81
4wACS_500_400_600_Myr_FeH_0p002_ref_noext_Av_1p0.pdf, id=257, 1145.34149pt x 11
49.24988pt>
File: ../basti_isochrones_10_13Gyr/Extinction_T5k_FeH0fix_func_f435wACS_f435wAC
Smf814wACS_500_400_600_Myr_FeH_0p002_ref_noext_Av_1p0.pdf Graphic file (type pd
f)
<use ../basti_isochrones_10_13Gyr/Extinction_T5k_FeH0fix_func_f435wACS_f435wACS
mf814wACS_500_400_600_Myr_FeH_0p002_ref_noext_Av_1p0.pdf>
Package pdftex.def Info: ../basti_isochrones_10_13Gyr/Extinction_T5k_FeH0fix_fu
nc_f435wACS_f435wACSmf814wACS_500_400_600_Myr_FeH_0p002_ref_noext_Av_1p0.pdf  u
sed on input line 934.
(pdftex.def)             Requested size: 441.01772pt x 442.52394pt.

LaTeX Warning: `h' float specifier changed to `ht'.

<../basti_isochrones_10_13Gyr/Extinction_T50k_FeH0fix_func_f435wACS_f435wACSmf8
14wACS_500_400_600_Myr_FeH_0p002_ref_noext_Av_1p0.pdf, id=258, 1145.40422pt x 1
149.24988pt>
File: ../basti_isochrones_10_13Gyr/Extinction_T50k_FeH0fix_func_f435wACS_f435wA
CSmf814wACS_500_400_600_Myr_FeH_0p002_ref_noext_Av_1p0.pdf Graphic file (type p
df)
<use ../basti_isochrones_10_13Gyr/Extinction_T50k_FeH0fix_func_f435wACS_f435wAC
Smf814wACS_500_400_600_Myr_FeH_0p002_ref_noext_Av_1p0.pdf>
Package pdftex.def Info: ../basti_isochrones_10_13Gyr/Extinction_T50k_FeH0fix_f
unc_f435wACS_f435wACSmf814wACS_500_400_600_Myr_FeH_0p002_ref_noext_Av_1p0.pdf  
used on input line 942.
(pdftex.def)             Requested size: 441.01772pt x 442.50641pt.

LaTeX Warning: `h' float specifier changed to `ht'.


Underfull \hbox (badness 10000) in paragraph at lines 948--949

 []


Underfull \hbox (badness 10000) in paragraph at lines 950--951

 []


Underfull \hbox (badness 10000) in paragraph at lines 954--955

 []

[39]
Overfull \hbox (3.40622pt too wide) in paragraph at lines 956--957
[]\T1/cmr/m/n/12 As with the pre-vi-ous ACS CMD, this CMD shows no sig-nif-i-ca
nt changes in isochrone
 []


Underfull \hbox (badness 10000) in paragraph at lines 956--957

 []

<../basti_isochrones_10_13Gyr/Extinction_T5k_FeH0fix_func_f555w_f555wmf814w_500
_400_600_Myr_FeH_0p002_ref_noext_Av_1p0.pdf, id=262, 1145.35716pt x 1149.24988p
t>
File: ../basti_isochrones_10_13Gyr/Extinction_T5k_FeH0fix_func_f555w_f555wmf814
w_500_400_600_Myr_FeH_0p002_ref_noext_Av_1p0.pdf Graphic file (type pdf)
<use ../basti_isochrones_10_13Gyr/Extinction_T5k_FeH0fix_func_f555w_f555wmf814w
_500_400_600_Myr_FeH_0p002_ref_noext_Av_1p0.pdf>
Package pdftex.def Info: ../basti_isochrones_10_13Gyr/Extinction_T5k_FeH0fix_fu
nc_f555w_f555wmf814w_500_400_600_Myr_FeH_0p002_ref_noext_Av_1p0.pdf  used on in
put line 960.
(pdftex.def)             Requested size: 441.01772pt x 442.50641pt.

LaTeX Warning: `h' float specifier changed to `ht'.

<../basti_isochrones_10_13Gyr/Extinction_T50k_FeH0fix_func_f555w_f555wmf814w_50
0_400_600_Myr_FeH_0p002_ref_noext_Av_1p0.pdf, id=263, 1145.4199pt x 1149.24988p
t>
File: ../basti_isochrones_10_13Gyr/Extinction_T50k_FeH0fix_func_f555w_f555wmf81
4w_500_400_600_Myr_FeH_0p002_ref_noext_Av_1p0.pdf Graphic file (type pdf)
<use ../basti_isochrones_10_13Gyr/Extinction_T50k_FeH0fix_func_f555w_f555wmf814
w_500_400_600_Myr_FeH_0p002_ref_noext_Av_1p0.pdf>
Package pdftex.def Info: ../basti_isochrones_10_13Gyr/Extinction_T50k_FeH0fix_f
unc_f555w_f555wmf814w_500_400_600_Myr_FeH_0p002_ref_noext_Av_1p0.pdf  used on i
nput line 968.
(pdftex.def)             Requested size: 441.01772pt x 442.48888pt.

LaTeX Warning: `h' float specifier changed to `ht'.


Underfull \hbox (badness 10000) in paragraph at lines 974--975

 []

<../basti_isochrones_10_13Gyr/Extinction_T5k_FeH0fix_func_f814w_f275wmf814w_500
_400_600_Myr_FeH_0p002_ref_noext_Av_1p0.pdf, id=264, 1145.35716pt x 1149.24988p
t>
File: ../basti_isochrones_10_13Gyr/Extinction_T5k_FeH0fix_func_f814w_f275wmf814
w_500_400_600_Myr_FeH_0p002_ref_noext_Av_1p0.pdf Graphic file (type pdf)
<use ../basti_isochrones_10_13Gyr/Extinction_T5k_FeH0fix_func_f814w_f275wmf814w
_500_400_600_Myr_FeH_0p002_ref_noext_Av_1p0.pdf>
Package pdftex.def Info: ../basti_isochrones_10_13Gyr/Extinction_T5k_FeH0fix_fu
nc_f814w_f275wmf814w_500_400_600_Myr_FeH_0p002_ref_noext_Av_1p0.pdf  used on in
put line 978.
(pdftex.def)             Requested size: 441.01772pt x 442.50641pt.

LaTeX Warning: `h' float specifier changed to `ht'.

<../basti_isochrones_10_13Gyr/Extinction_T50k_FeH0fix_func_f814w_f275wmf814w_50
0_400_600_Myr_FeH_0p002_ref_noext_Av_1p0.pdf, id=265, 1145.4199pt x 1149.24988p
t>
File: ../basti_isochrones_10_13Gyr/Extinction_T50k_FeH0fix_func_f814w_f275wmf81
4w_500_400_600_Myr_FeH_0p002_ref_noext_Av_1p0.pdf Graphic file (type pdf)
<use ../basti_isochrones_10_13Gyr/Extinction_T50k_FeH0fix_func_f814w_f275wmf814
w_500_400_600_Myr_FeH_0p002_ref_noext_Av_1p0.pdf>
Package pdftex.def Info: ../basti_isochrones_10_13Gyr/Extinction_T50k_FeH0fix_f
unc_f814w_f275wmf814w_500_400_600_Myr_FeH_0p002_ref_noext_Av_1p0.pdf  used on i
nput line 986.
(pdftex.def)             Requested size: 441.01772pt x 442.48888pt.

LaTeX Warning: `h' float specifier changed to `ht'.


Underfull \hbox (badness 10000) in paragraph at lines 992--993

 []


Underfull \hbox (badness 10000) in paragraph at lines 994--995

 []


Overfull \hbox (3.41533pt too wide) in paragraph at lines 996--997
\T1/cmr/m/n/12 dis-crep-ancy caus-ing a fur-ther dis-crep-ancy in the es-ti-mat
ed metal-lic-ity when an isochrone
 []


Underfull \hbox (badness 10000) in paragraph at lines 996--997

 []


Underfull \hbox (badness 10000) in paragraph at lines 1000--1001

 []

[40]
<../basti_isochrones_10_13Gyr/Extinction_T5k_FeH0fix_func_G_GbpmGrp_500_400_600
_Myr_FeH_0p002_ref_noext_Av_1p0.pdf, id=269, 1145.35716pt x 1149.24988pt>
File: ../basti_isochrones_10_13Gyr/Extinction_T5k_FeH0fix_func_G_GbpmGrp_500_40
0_600_Myr_FeH_0p002_ref_noext_Av_1p0.pdf Graphic file (type pdf)
<use ../basti_isochrones_10_13Gyr/Extinction_T5k_FeH0fix_func_G_GbpmGrp_500_400
_600_Myr_FeH_0p002_ref_noext_Av_1p0.pdf>
Package pdftex.def Info: ../basti_isochrones_10_13Gyr/Extinction_T5k_FeH0fix_fu
nc_G_GbpmGrp_500_400_600_Myr_FeH_0p002_ref_noext_Av_1p0.pdf  used on input line
 1004.
(pdftex.def)             Requested size: 441.01772pt x 442.50641pt.


LaTeX Warning: `h' float specifier changed to `ht'.

<../basti_isochrones_10_13Gyr/Extinction_T50k_FeH0fix_func_G_GbpmGrp_500_400_60
0_Myr_FeH_0p002_ref_noext_Av_1p0.pdf, id=270, 1145.4199pt x 1149.24988pt>
File: ../basti_isochrones_10_13Gyr/Extinction_T50k_FeH0fix_func_G_GbpmGrp_500_4
00_600_Myr_FeH_0p002_ref_noext_Av_1p0.pdf Graphic file (type pdf)
<use ../basti_isochrones_10_13Gyr/Extinction_T50k_FeH0fix_func_G_GbpmGrp_500_40
0_600_Myr_FeH_0p002_ref_noext_Av_1p0.pdf>
Package pdftex.def Info: ../basti_isochrones_10_13Gyr/Extinction_T50k_FeH0fix_f
unc_G_GbpmGrp_500_400_600_Myr_FeH_0p002_ref_noext_Av_1p0.pdf  used on input lin
e 1012.
(pdftex.def)             Requested size: 441.01772pt x 442.48888pt.

LaTeX Warning: `h' float specifier changed to `ht'.


Overfull \hbox (10.98485pt too wide) in paragraph at lines 1018--1019
[]\T1/cmr/m/n/12 For the Gaia CMD, when $\OT1/cmr/m/n/12 (\OML/cmm/m/it/12 A[]=
A[]\OT1/cmr/m/n/12 )[]$ \T1/cmr/m/n/12 is used for the fixed-extinction ra-tio 
isochrones,
 []


Underfull \hbox (badness 10000) in paragraph at lines 1018--1019

 []


Underfull \hbox (badness 10000) in paragraph at lines 1020--1021

 []

<../NGC_6793_CMD_observational_errorbars.pdf, id=271, 1156.32pt x 1156.32pt>
File: ../NGC_6793_CMD_observational_errorbars.pdf Graphic file (type pdf)
<use ../NGC_6793_CMD_observational_errorbars.pdf>
Package pdftex.def Info: ../NGC_6793_CMD_observational_errorbars.pdf  used on i
nput line 1028.
(pdftex.def)             Requested size: 441.01772pt x 441.01178pt.

LaTeX Warning: `!h' float specifier changed to `!ht'.

<../NGC_6793_distances_hist.pdf, id=272, 433.62pt x 289.08pt>
File: ../NGC_6793_distances_hist.pdf Graphic file (type pdf)
<use ../NGC_6793_distances_hist.pdf>
Package pdftex.def Info: ../NGC_6793_distances_hist.pdf  used on input line 103
6.
(pdftex.def)             Requested size: 441.01772pt x 294.02841pt.

LaTeX Warning: `h' float specifier changed to `ht'.


Underfull \hbox (badness 10000) in paragraph at lines 1042--1043

 []


Underfull \hbox (badness 10000) in paragraph at lines 1044--1045

 []


Underfull \hbox (badness 10000) in paragraph at lines 1046--1047

 []

[41]
Underfull \hbox (badness 10000) in paragraph at lines 1048--1049

 []

<../NGC_6793_CMD_FeH_0p062_Av_1p1_500Myr_all_xloge_correction_no_xerr_isochrone
s_summary_errorbars.pdf, id=277, 1156.32pt x 1156.32pt>
File: ../NGC_6793_CMD_FeH_0p062_Av_1p1_500Myr_all_xloge_correction_no_xerr_isoc
hrones_summary_errorbars.pdf Graphic file (type pdf)
<use ../NGC_6793_CMD_FeH_0p062_Av_1p1_500Myr_all_xloge_correction_no_xerr_isoch
rones_summary_errorbars.pdf>
Package pdftex.def Info: ../NGC_6793_CMD_FeH_0p062_Av_1p1_500Myr_all_xloge_corr
ection_no_xerr_isochrones_summary_errorbars.pdf  used on input line 1054.
(pdftex.def)             Requested size: 441.01772pt x 441.01178pt.

LaTeX Warning: `h' float specifier changed to `ht'.


Underfull \hbox (badness 10000) in paragraph at lines 1060--1061

 []


Underfull \hbox (badness 10000) in paragraph at lines 1062--1063

 []

[42]
Underfull \hbox (badness 10000) in paragraph at lines 1064--1065

 []


Underfull \hbox (badness 10000) in paragraph at lines 1084--1085

 []


Underfull \hbox (badness 10000) in paragraph at lines 1086--1087

 []

[43]
Underfull \hbox (badness 10000) in paragraph at lines 1088--1089

 []


Underfull \hbox (badness 10000) in paragraph at lines 1106--1107

 []


Underfull \hbox (badness 10000) in paragraph at lines 1108--1109

 []


Underfull \hbox (badness 10000) in paragraph at lines 1110--1111

 []

[44]
Underfull \hbox (badness 10000) in paragraph at lines 1112--1113

 []


Underfull \hbox (badness 10000) in paragraph at lines 1114--1115

 []

[45] [46 <../just_full_data/ACS/AHub_FeH0p0_just_Teff_plot_lines.pdf>] [47 <./g
eneric_logistic_params_illustration.pdf>] [48 <../basti_isochrones_10_13Gyr/Ext
inction_T5k_FeH0fix_func_f435wACS_f435wACSmf814wACS_500_400_600_Myr_FeH_0p002_r
ef_noext_Av_1p0.pdf>] [49 <../basti_isochrones_10_13Gyr/Extinction_T50k_FeH0fix
_func_f435wACS_f435wACSmf814wACS_500_400_600_Myr_FeH_0p002_ref_noext_Av_1p0.pdf
>] [50 <../basti_isochrones_10_13Gyr/Extinction_T5k_FeH0fix_func_f555w_f555wmf8
14w_500_400_600_Myr_FeH_0p002_ref_noext_Av_1p0.pdf>] [51 <../basti_isochrones_1
0_13Gyr/Extinction_T50k_FeH0fix_func_f555w_f555wmf814w_500_400_600_Myr_FeH_0p00
2_ref_noext_Av_1p0.pdf>] [52 <../basti_isochrones_10_13Gyr/Extinction_T5k_FeH0f
ix_func_f814w_f275wmf814w_500_400_600_Myr_FeH_0p002_ref_noext_Av_1p0.pdf>]
[53 <../basti_isochrones_10_13Gyr/Extinction_T50k_FeH0fix_func_f814w_f275wmf814
w_500_400_600_Myr_FeH_0p002_ref_noext_Av_1p0.pdf>] [54 <../basti_isochrones_10_
13Gyr/Extinction_T5k_FeH0fix_func_G_GbpmGrp_500_400_600_Myr_FeH_0p002_ref_noext
_Av_1p0.pdf>] [55 <../basti_isochrones_10_13Gyr/Extinction_T50k_FeH0fix_func_G_
GbpmGrp_500_400_600_Myr_FeH_0p002_ref_noext_Av_1p0.pdf>] [56 <../NGC_6793_CMD_o
bservational_errorbars.pdf>] [57 <../NGC_6793_distances_hist.pdf>] [58 <../NGC_
6793_CMD_FeH_0p062_Av_1p1_500Myr_all_xloge_correction_no_xerr_isochrones_summar
y_errorbars.pdf>]
Chapter 4.

Underfull \hbox (badness 10000) in paragraph at lines 1118--1119

 []


Underfull \hbox (badness 10000) in paragraph at lines 1120--1121

 []


Underfull \hbox (badness 10000) in paragraph at lines 1122--1123

 []


Overfull \hbox (12.29094pt too wide) in paragraph at lines 1124--1125
\T1/cmr/m/n/12 the po-si-tions of cer-tain sec-tions of isochrones treated un-d
er dif-fer-ent extinction-calculation
 []


Underfull \hbox (badness 10000) in paragraph at lines 1124--1125

 []

[59

]
Underfull \hbox (badness 10000) in paragraph at lines 1126--1127

 []


Underfull \hbox (badness 10000) in paragraph at lines 1129--1130

 []


Underfull \hbox (badness 10000) in paragraph at lines 1131--1132

 []


Underfull \hbox (badness 10000) in paragraph at lines 1133--1134

 []


Underfull \hbox (badness 10000) in paragraph at lines 1135--1136

 []

[60] (mphil_thesis_final_alw_corrections_post_viva.bbl [61] [62

]) [63]
(mphil_thesis_final_alw_corrections_post_viva.aux) ) 
Here is how much of TeX's memory you used:
 5824 strings out of 492945
 95039 string characters out of 3125809
 184154 words of memory out of 3000000
 9552 multiletter control sequences out of 15000+200000
 24083 words of font info for 67 fonts, out of 3000000 for 9000
 1141 hyphenation exceptions out of 8191
 42i,19n,43p,1953b,519s stack positions out of 5000i,500n,10000p,200000b,50000s
 <C:\Users\AlexLW\AppData\L
ocal\MiKTeX\2.9\fonts/pk/ljfour/jknappen/ec/dpi600\ectt1095.pk> <C:\Users\AlexL
W\AppData\Local\MiKTeX\2.9\fonts/pk/ljfour/jknappen/ec/dpi600\ectt1200.pk> <C:\
Users\AlexLW\AppData\Local\MiKTeX\2.9\fonts/pk/ljfour/jknappen/ec/dpi600\ecrm10
95.pk> <C:\Users\AlexLW\AppData\Local\MiKTeX\2.9\fonts/pk/ljfour/jknappen/ec/dp
i600\ecsl1200.pk> <C:\Users\AlexLW\AppData\Local\MiKTeX\2.9\fonts/pk/ljfour/jkn
appen/ec/dpi600\ecbx1440.pk> <C:\Users\AlexLW\AppData\Local\MiKTeX\2.9\fonts/pk
/ljfour/jknappen/ec/dpi600\ecbx1728.pk> <C:\Users\AlexLW\AppData\Local\MiKTeX\2
.9\fonts/pk/ljfour/jknappen/ec/dpi600\ecbx2488.pk> <C:\Users\AlexLW\AppData\Loc
al\MiKTeX\2.9\fonts/pk/ljfour/jknappen/ec/dpi600\ecrm0800.pk> <C:\Users\AlexLW\
AppData\Local\MiKTeX\2.9\fonts/pk/ljfour/jknappen/ec/dpi600\ecrm1200.pk> <C:\Us
ers\AlexLW\AppData\Local\MiKTeX\2.9\fonts/pk/ljfour/jknappen/ec/dpi600\ecbx1200
.pk> <C:\Users\AlexLW\AppData\Local\MiKTeX\2.9\fonts/pk/ljfour/jknappen/ec/dpi6
00\eccc2488.pk><C:/Users/AlexLW/AppData/Local/Programs/MiKTeX 2.9/fonts/type1/p
ublic/amsfonts/cm/cmex10.pfb><C:/Users/AlexLW/AppData/Local/Programs/MiKTeX 2.9
/fonts/type1/public/amsfonts/cm/cmmi10.pfb><C:/Users/AlexLW/AppData/Local/Progr
ams/MiKTeX 2.9/fonts/type1/public/amsfonts/cm/cmmi12.pfb><C:/Users/AlexLW/AppDa
ta/Local/Programs/MiKTeX 2.9/fonts/type1/public/amsfonts/cm/cmmi6.pfb><C:/Users
/AlexLW/AppData/Local/Programs/MiKTeX 2.9/fonts/type1/public/amsfonts/cm/cmmi8.
pfb><C:/Users/AlexLW/AppData/Local/Programs/MiKTeX 2.9/fonts/type1/public/amsfo
nts/cm/cmr10.pfb><C:/Users/AlexLW/AppData/Local/Programs/MiKTeX 2.9/fonts/type1
/public/amsfonts/cm/cmr12.pfb><C:/Users/AlexLW/AppData/Local/Programs/MiKTeX 2.
9/fonts/type1/public/amsfonts/cm/cmr6.pfb><C:/Users/AlexLW/AppData/Local/Progra
ms/MiKTeX 2.9/fonts/type1/public/amsfonts/cm/cmr8.pfb><C:/Users/AlexLW/AppData/
Local/Programs/MiKTeX 2.9/fonts/type1/public/amsfonts/cm/cmsy10.pfb><C:/Users/A
lexLW/AppData/Local/Programs/MiKTeX 2.9/fonts/type1/public/amsfonts/cm/cmsy6.pf
b><C:/Users/AlexLW/AppData/Local/Programs/MiKTeX 2.9/fonts/type1/public/amsfont
s/cm/cmsy8.pfb><C:/Users/AlexLW/AppData/Local/Programs/MiKTeX 2.9/fonts/type1/p
ublic/amsfonts/symbols/msam10.pfb>
Output written on mphil_thesis_final_alw_corrections_post_viva.pdf (65 pages, 1
272579 bytes).
PDF statistics:
 1436 PDF objects out of 1440 (max. 8388607)
 0 named destinations out of 1000 (max. 500000)
 106 words of extra memory for PDF output out of 10000 (max. 10000000)

