This is pdfTeX, Version 3.14159265-2.6-1.40.20 (MiKTeX 2.9.7000 64-bit) (preloaded format=pdflatex 2019.4.8)  12 MAY 2019 20:13
entering extended mode
**./mphil_thesis.tex
(mphil_thesis.tex
LaTeX2e <2018-12-01>
("C:\Users\AlexLW\AppData\Local\Programs\MiKTeX 2.9\tex/latex/base\report.cls"
Document Class: report 2018/09/03 v1.4i Standard LaTeX document class
("C:\Users\AlexLW\AppData\Local\Programs\MiKTeX 2.9\tex/latex/base\size12.clo"
File: size12.clo 2018/09/03 v1.4i Standard LaTeX file (size option)
)
\c@part=\count80
\c@chapter=\count81
\c@section=\count82
\c@subsection=\count83
\c@subsubsection=\count84
\c@paragraph=\count85
\c@subparagraph=\count86
\c@figure=\count87
\c@table=\count88
\abovecaptionskip=\skip41
\belowcaptionskip=\skip42
\bibindent=\dimen102
)
("C:\Users\AlexLW\AppData\Local\Programs\MiKTeX 2.9\tex/generic/babel\babel.sty
"
Package: babel 2019/04/01 3.28 The Babel package

("C:\Users\AlexLW\AppData\Local\Programs\MiKTeX 2.9\tex/generic/babel\switch.de
f"
File: switch.def 2019/04/01 3.28 Babel switching mechanism
)
*************************************
* Local config file bblopts.cfg used
*
("C:\Users\AlexLW\AppData\Local\Programs\MiKTeX 2.9\tex/latex/arabi\bblopts.cfg
"
File: bblopts.cfg 2005/09/08 v0.1 add Arabic and Farsi to "declared" options of
 babel
)
("C:\Users\AlexLW\AppData\Local\Programs\MiKTeX 2.9\tex/latex/babel-english\eng
lish.ldf"
Language: english 2017/06/06 v3.3r English support from the babel system

("C:\Users\AlexLW\AppData\Local\Programs\MiKTeX 2.9\tex/generic/babel\babel.def
"
File: babel.def 2019/04/01 3.28 Babel common definitions
\babel@savecnt=\count89
\U@D=\dimen103

("C:\Users\AlexLW\AppData\Local\Programs\MiKTeX 2.9\tex/generic/babel\txtbabel.
def")
\bbl@dirlevel=\count90
)
\l@canadian = a dialect from \language\l@american 
\l@australian = a dialect from \language\l@british 
\l@newzealand = a dialect from \language\l@british 
))
("C:\Users\AlexLW\AppData\Local\Programs\MiKTeX 2.9\tex/latex/base\inputenc.sty
"
Package: inputenc 2018/08/11 v1.3c Input encoding file
\inpenc@prehook=\toks14
\inpenc@posthook=\toks15
 ("C:\Users\AlexLW\AppData\Local\Programs\MiKTeX 2.9\tex/latex/ucs\utf8x.def"
File: utf8x.def 2004/10/17 UCS: Input encoding UTF-8
)) ("C:\Users\AlexLW\AppData\Local\Programs\MiKTeX 2.9\tex/latex/ucs\ucs.sty"
Package: ucs 2013/05/11 v2.2 UCS: Unicode input support

("C:\Users\AlexLW\AppData\Local\Programs\MiKTeX 2.9\tex/latex/ucs\uni-global.de
f"
File: uni-global.def 2013/05/13 UCS: Unicode global data
)
\uc@secondtry=\count91
\uc@combtoks=\toks16
\uc@combtoksb=\toks17
\uc@temptokena=\toks18
)
("C:\Users\AlexLW\AppData\Local\Programs\MiKTeX 2.9\tex/latex/base\fontenc.sty"
Package: fontenc 2018/08/11 v2.0j Standard LaTeX package
("C:\Users\AlexLW\AppData\Local\Programs\MiKTeX 2.9\tex/latex/base\t1enc.def"
File: t1enc.def 2018/08/11 v2.0j Standard LaTeX file
LaTeX Font Info:    Redeclaring font encoding T1 on input line 48.
))
("C:\Users\AlexLW\AppData\Local\Programs\MiKTeX 2.9\tex/latex/graphics\graphicx
.sty"
Package: graphicx 2017/06/01 v1.1a Enhanced LaTeX Graphics (DPC,SPQR)

("C:\Users\AlexLW\AppData\Local\Programs\MiKTeX 2.9\tex/latex/graphics\keyval.s
ty"
Package: keyval 2014/10/28 v1.15 key=value parser (DPC)
\KV@toks@=\toks19
)
("C:\Users\AlexLW\AppData\Local\Programs\MiKTeX 2.9\tex/latex/graphics\graphics
.sty"
Package: graphics 2017/06/25 v1.2c Standard LaTeX Graphics (DPC,SPQR)

("C:\Users\AlexLW\AppData\Local\Programs\MiKTeX 2.9\tex/latex/graphics\trig.sty
"
Package: trig 2016/01/03 v1.10 sin cos tan (DPC)
)
("C:\Users\AlexLW\AppData\Local\Programs\MiKTeX 2.9\tex/latex/graphics-cfg\grap
hics.cfg"
File: graphics.cfg 2016/06/04 v1.11 sample graphics configuration
)
Package graphics Info: Driver file: pdftex.def on input line 99.

("C:\Users\AlexLW\AppData\Local\Programs\MiKTeX 2.9\tex/latex/graphics-def\pdft
ex.def"
File: pdftex.def 2018/01/08 v1.0l Graphics/color driver for pdftex
))
\Gin@req@height=\dimen104
\Gin@req@width=\dimen105
)
("C:\Users\AlexLW\AppData\Local\Programs\MiKTeX 2.9\tex/latex/was\upgreek.sty"
Package: upgreek 2003/02/12 v2.0 (WaS)
Package upgreek Info: Using Euler Roman for upright Greek on input line 31.
\symugrf@m=\mathgroup4
LaTeX Font Info:    Overwriting symbol font `ugrf@m' in version `bold'
(Font)                  U/eur/m/n --> U/eur/b/n on input line 38.
) ("C:\Users\AlexLW\AppData\Local\Programs\MiKTeX 2.9\tex/latex/float\float.sty
"
Package: float 2001/11/08 v1.3d Float enhancements (AL)
\c@float@type=\count92
\float@exts=\toks20
\float@box=\box27
\@float@everytoks=\toks21
\@floatcapt=\box28
)
("C:\Users\AlexLW\AppData\Local\Programs\MiKTeX 2.9\tex/latex/natbib\natbib.sty
"
Package: natbib 2010/09/13 8.31b (PWD, AO)
\bibhang=\skip43
\bibsep=\skip44
LaTeX Info: Redefining \cite on input line 694.
\c@NAT@ctr=\count93
)
("C:\Users\AlexLW\AppData\Local\Programs\MiKTeX 2.9\tex/latex/amsmath\amsmath.s
ty"
Package: amsmath 2018/12/01 v2.17b AMS math features
\@mathmargin=\skip45

For additional information on amsmath, use the `?' option.

("C:\Users\AlexLW\AppData\Local\Programs\MiKTeX 2.9\tex/latex/amsmath\amstext.s
ty"
Package: amstext 2000/06/29 v2.01 AMS text

("C:\Users\AlexLW\AppData\Local\Programs\MiKTeX 2.9\tex/latex/amsmath\amsgen.st
y"
File: amsgen.sty 1999/11/30 v2.0 generic functions
\@emptytoks=\toks22
\ex@=\dimen106
))
("C:\Users\AlexLW\AppData\Local\Programs\MiKTeX 2.9\tex/latex/amsmath\amsbsy.st
y"
Package: amsbsy 1999/11/29 v1.2d Bold Symbols
\pmbraise@=\dimen107
)
("C:\Users\AlexLW\AppData\Local\Programs\MiKTeX 2.9\tex/latex/amsmath\amsopn.st
y"
Package: amsopn 2016/03/08 v2.02 operator names
)
\inf@bad=\count94
LaTeX Info: Redefining \frac on input line 223.
\uproot@=\count95
\leftroot@=\count96
LaTeX Info: Redefining \overline on input line 385.
\classnum@=\count97
\DOTSCASE@=\count98
LaTeX Info: Redefining \ldots on input line 482.
LaTeX Info: Redefining \dots on input line 485.
LaTeX Info: Redefining \cdots on input line 606.
\Mathstrutbox@=\box29
\strutbox@=\box30
\big@size=\dimen108
LaTeX Font Info:    Redeclaring font encoding OML on input line 729.
LaTeX Font Info:    Redeclaring font encoding OMS on input line 730.
\macc@depth=\count99
\c@MaxMatrixCols=\count100
\dotsspace@=\muskip10
\c@parentequation=\count101
\dspbrk@lvl=\count102
\tag@help=\toks23
\row@=\count103
\column@=\count104
\maxfields@=\count105
\andhelp@=\toks24
\eqnshift@=\dimen109
\alignsep@=\dimen110
\tagshift@=\dimen111
\tagwidth@=\dimen112
\totwidth@=\dimen113
\lineht@=\dimen114
\@envbody=\toks25
\multlinegap=\skip46
\multlinetaggap=\skip47
\mathdisplay@stack=\toks26
LaTeX Info: Redefining \[ on input line 2844.
LaTeX Info: Redefining \] on input line 2845.
)
("C:\Users\AlexLW\AppData\Local\Programs\MiKTeX 2.9\tex/latex/amsfonts\amssymb.
sty"
Package: amssymb 2013/01/14 v3.01 AMS font symbols

("C:\Users\AlexLW\AppData\Local\Programs\MiKTeX 2.9\tex/latex/amsfonts\amsfonts
.sty"
Package: amsfonts 2013/01/14 v3.01 Basic AMSFonts support
\symAMSa=\mathgroup5
\symAMSb=\mathgroup6
LaTeX Font Info:    Overwriting math alphabet `\mathfrak' in version `bold'
(Font)                  U/euf/m/n --> U/euf/b/n on input line 106.
))
("C:\Users\AlexLW\AppData\Local\Programs\MiKTeX 2.9\tex/latex/tools\tabularx.st
y"
Package: tabularx 2016/02/03 v2.11b `tabularx' package (DPC)
 ("C:\Users\AlexLW\AppData\Local\Programs\MiKTeX 2.9\tex/latex/tools\array.sty"
Package: array 2018/12/30 v2.4k Tabular extension package (FMi)
\col@sep=\dimen115
\ar@mcellbox=\box31
\extrarowheight=\dimen116
\NC@list=\toks27
\extratabsurround=\skip48
\backup@length=\skip49
\ar@cellbox=\box32
)
\TX@col@width=\dimen117
\TX@old@table=\dimen118
\TX@old@col=\dimen119
\TX@target=\dimen120
\TX@delta=\dimen121
\TX@cols=\count106
\TX@ftn=\toks28
)
("C:\Users\AlexLW\AppData\Local\Programs\MiKTeX 2.9\tex/latex/ms\ragged2e.sty"
Package: ragged2e 2009/05/21 v2.1 ragged2e Package (MS)

("C:\Users\AlexLW\AppData\Local\Programs\MiKTeX 2.9\tex/latex/ms\everysel.sty"
Package: everysel 2011/10/28 v1.2 EverySelectfont Package (MS)
)
\CenteringLeftskip=\skip50
\RaggedLeftLeftskip=\skip51
\RaggedRightLeftskip=\skip52
\CenteringRightskip=\skip53
\RaggedLeftRightskip=\skip54
\RaggedRightRightskip=\skip55
\CenteringParfillskip=\skip56
\RaggedLeftParfillskip=\skip57
\RaggedRightParfillskip=\skip58
\JustifyingParfillskip=\skip59
\CenteringParindent=\skip60
\RaggedLeftParindent=\skip61
\RaggedRightParindent=\skip62
\JustifyingParindent=\skip63
)
("C:\Users\AlexLW\AppData\Local\Programs\MiKTeX 2.9\tex/latex/booktabs\booktabs
.sty"
Package: booktabs 2005/04/14 v1.61803 publication quality tables
\heavyrulewidth=\dimen122
\lightrulewidth=\dimen123
\cmidrulewidth=\dimen124
\belowrulesep=\dimen125
\belowbottomsep=\dimen126
\aboverulesep=\dimen127
\abovetopsep=\dimen128
\cmidrulesep=\dimen129
\cmidrulekern=\dimen130
\defaultaddspace=\dimen131
\@cmidla=\count107
\@cmidlb=\count108
\@aboverulesep=\dimen132
\@belowrulesep=\dimen133
\@thisruleclass=\count109
\@lastruleclass=\count110
\@thisrulewidth=\dimen134
)
("C:\Users\AlexLW\AppData\Local\Programs\MiKTeX 2.9\tex/latex/caption\caption.s
ty"
Package: caption 2018/10/06 v3.3-154 Customizing captions (AR)

("C:\Users\AlexLW\AppData\Local\Programs\MiKTeX 2.9\tex/latex/caption\caption3.
sty"
Package: caption3 2018/09/12 v1.8c caption3 kernel (AR)
Package caption3 Info: TeX engine: e-TeX on input line 64.
\captionmargin=\dimen135
\captionmargin@=\dimen136
\captionwidth=\dimen137
\caption@tempdima=\dimen138
\caption@indent=\dimen139
\caption@parindent=\dimen140
\caption@hangindent=\dimen141
)
\c@caption@flags=\count111
\c@ContinuedFloat=\count112
Package caption Info: float package is loaded.
)
("C:\Users\AlexLW\AppData\Local\Programs\MiKTeX 2.9\tex/latex/setspace\setspace
.sty"
Package: setspace 2011/12/19 v6.7a set line spacing
)
("C:\Users\AlexLW\AppData\Local\Programs\MiKTeX 2.9\tex/latex/oberdiek\epstopdf
.sty"
Package: epstopdf 2016/05/15 v2.6 Conversion with epstopdf on the fly (HO)

("C:\Users\AlexLW\AppData\Local\Programs\MiKTeX 2.9\tex/latex/oberdiek\epstopdf
-base.sty"
Package: epstopdf-base 2016/05/15 v2.6 Base part for package epstopdf

("C:\Users\AlexLW\AppData\Local\Programs\MiKTeX 2.9\tex/generic/oberdiek\infwar
err.sty"
Package: infwarerr 2016/05/16 v1.4 Providing info/warning/error messages (HO)
)
("C:\Users\AlexLW\AppData\Local\Programs\MiKTeX 2.9\tex/latex/oberdiek\grfext.s
ty"
Package: grfext 2016/05/16 v1.2 Manage graphics extensions (HO)

("C:\Users\AlexLW\AppData\Local\Programs\MiKTeX 2.9\tex/generic/oberdiek\kvdefi
nekeys.sty"
Package: kvdefinekeys 2016/05/16 v1.4 Define keys (HO)

("C:\Users\AlexLW\AppData\Local\Programs\MiKTeX 2.9\tex/generic/oberdiek\ltxcmd
s.sty"
Package: ltxcmds 2016/05/16 v1.23 LaTeX kernel commands for general use (HO)
)))
("C:\Users\AlexLW\AppData\Local\Programs\MiKTeX 2.9\tex/latex/oberdiek\kvoption
s.sty"
Package: kvoptions 2016/05/16 v3.12 Key value format for package options (HO)

("C:\Users\AlexLW\AppData\Local\Programs\MiKTeX 2.9\tex/generic/oberdiek\kvsetk
eys.sty"
Package: kvsetkeys 2016/05/16 v1.17 Key value parser (HO)

("C:\Users\AlexLW\AppData\Local\Programs\MiKTeX 2.9\tex/generic/oberdiek\etexcm
ds.sty"
Package: etexcmds 2016/05/16 v1.6 Avoid name clashes with e-TeX commands (HO)

("C:\Users\AlexLW\AppData\Local\Programs\MiKTeX 2.9\tex/generic/oberdiek\ifluat
ex.sty"
Package: ifluatex 2016/05/16 v1.4 Provides the ifluatex switch (HO)
Package ifluatex Info: LuaTeX not detected.
))))
("C:\Users\AlexLW\AppData\Local\Programs\MiKTeX 2.9\tex/generic/oberdiek\pdftex
cmds.sty"
Package: pdftexcmds 2018/09/10 v0.29 Utility functions of pdfTeX for LuaTeX (HO
)

("C:\Users\AlexLW\AppData\Local\Programs\MiKTeX 2.9\tex/generic/oberdiek\ifpdf.
sty"
Package: ifpdf 2018/09/07 v3.3 Provides the ifpdf switch
)
Package pdftexcmds Info: LuaTeX not detected.
Package pdftexcmds Info: \pdf@primitive is available.
Package pdftexcmds Info: \pdf@ifprimitive is available.
Package pdftexcmds Info: \pdfdraftmode found.
)
Package epstopdf-base Info: Redefining graphics rule for `.eps' on input line 4
38.
Package grfext Info: Graphics extension search list:
(grfext)             [.pdf,.png,.jpg,.mps,.jpeg,.jbig2,.jb2,.PDF,.PNG,.JPG,.JPE
G,.JBIG2,.JB2,.eps]
(grfext)             \AppendGraphicsExtensions on input line 456.
))
("C:\Users\AlexLW\AppData\Local\Programs\MiKTeX 2.9\tex/latex/caption\subcaptio
n.sty"
Package: subcaption 2018/05/01 v1.1-162 Sub-captions (AR)
\c@subfigure=\count113
\c@subtable=\count114
)
("C:\Users\AlexLW\AppData\Local\Programs\MiKTeX 2.9\tex/latex/url\url.sty"
\Urlmuskip=\muskip11
Package: url 2013/09/16  ver 3.4  Verb mode for urls, etc.
)
("C:\Users\AlexLW\AppData\Local\Programs\MiKTeX 2.9\tex/latex/footmisc\footmisc
.sty"
Package: footmisc 2011/06/06 v5.5b a miscellany of footnote facilities
\FN@temptoken=\toks29
\footnotemargin=\dimen142
\c@pp@next@reset=\count115
Package footmisc Info: Declaring symbol style bringhurst on input line 855.
Package footmisc Info: Declaring symbol style chicago on input line 863.
Package footmisc Info: Declaring symbol style wiley on input line 872.
Package footmisc Info: Declaring symbol style lamport-robust on input line 883.

Package footmisc Info: Declaring symbol style lamport* on input line 903.
Package footmisc Info: Declaring symbol style lamport*-robust on input line 924
.
) (mphil_thesis.aux

LaTeX Warning: Label `Ax/Av data FeH=-2' multiply defined.


LaTeX Warning: Label `Ax/Av data FeH=0' multiply defined.

)
\openout1 = `mphil_thesis.aux'.

LaTeX Font Info:    Checking defaults for OML/cmm/m/it on input line 83.
LaTeX Font Info:    ... okay on input line 83.
LaTeX Font Info:    Checking defaults for T1/cmr/m/n on input line 83.
LaTeX Font Info:    ... okay on input line 83.
LaTeX Font Info:    Checking defaults for OT1/cmr/m/n on input line 83.
LaTeX Font Info:    ... okay on input line 83.
LaTeX Font Info:    Checking defaults for OMS/cmsy/m/n on input line 83.
LaTeX Font Info:    ... okay on input line 83.
LaTeX Font Info:    Checking defaults for OMX/cmex/m/n on input line 83.
LaTeX Font Info:    ... okay on input line 83.
LaTeX Font Info:    Checking defaults for U/cmr/m/n on input line 83.
LaTeX Font Info:    ... okay on input line 83.
 ("C:\Users\AlexLW\AppData\Local\Programs\MiKTeX 2.9\tex/latex/ucs\ucsencs.def"
File: ucsencs.def 2011/01/21 Fixes to fontencodings LGR, T3
)
("C:\Users\AlexLW\AppData\Local\Programs\MiKTeX 2.9\tex/context/base/mkii\supp-
pdf.mkii"
[Loading MPS to PDF converter (version 2006.09.02).]
\scratchcounter=\count116
\scratchdimen=\dimen143
\scratchbox=\box33
\nofMPsegments=\count117
\nofMParguments=\count118
\everyMPshowfont=\toks30
\MPscratchCnt=\count119
\MPscratchDim=\dimen144
\MPnumerator=\count120
\makeMPintoPDFobject=\count121
\everyMPtoPDFconversion=\toks31
) ABD: EverySelectfont initializing macros
LaTeX Info: Redefining \selectfont on input line 83.
Package caption Info: Begin \AtBeginDocument code.
Package caption Info: End \AtBeginDocument code.
 [1

{C:/Users/AlexLW/AppData/Local/MiKTeX/2.9/pdftex/config/pdftex.map}] [1]
Chapter 1.
LaTeX Font Info:    Try loading font information for U+msa on input line 119.
("C:\Users\AlexLW\AppData\Local\Programs\MiKTeX 2.9\tex/latex/amsfonts\umsa.fd"
File: umsa.fd 2013/01/14 v3.01 AMS symbols A
)
LaTeX Font Info:    Try loading font information for U+msb on input line 119.
 ("C:\Users\AlexLW\AppData\Local\Programs\MiKTeX 2.9\tex/latex/amsfonts\umsb.fd
"
File: umsb.fd 2013/01/14 v3.01 AMS symbols B
)
Underfull \hbox (badness 10000) in paragraph at lines 118--120

 []


Underfull \hbox (badness 10000) in paragraph at lines 121--132

 []

[1

]
Chapter 2.
[2

]
LaTeX Font Info:    Try loading font information for OMS+cmr on input line 157.

 ("C:\Users\AlexLW\AppData\Local\Programs\MiKTeX 2.9\tex/latex/base\omscmr.fd"
File: omscmr.fd 2014/09/29 v2.5h Standard LaTeX font definitions
)
LaTeX Font Info:    Font shape `OMS/cmr/m/n' in size <12> not available
(Font)              Font shape `OMS/cmsy/m/n' tried instead on input line 157.
<GaiaDR2Passbands.png, id=25, 853.1875pt x 602.25pt>
File: GaiaDR2Passbands.png Graphic file (type png)
<use GaiaDR2Passbands.png>
Package pdftex.def Info: GaiaDR2Passbands.png  used on input line 165.
(pdftex.def)             Requested size: 426.59271pt x 301.12425pt.
LaTeX Font Info:    Try loading font information for T1+cmtt on input line 166.

 ("C:\Users\AlexLW\AppData\Local\Programs\MiKTeX 2.9\tex/latex/base\t1cmtt.fd"
File: t1cmtt.fd 2014/09/29 v2.5h Standard LaTeX font definitions
)

LaTeX Warning: `h' float specifier changed to `ht'.

<UVIS_Wide1.jpg, id=27, 505.89pt x 361.35pt>
File: UVIS_Wide1.jpg Graphic file (type jpg)
<use UVIS_Wide1.jpg>
Package pdftex.def Info: UVIS_Wide1.jpg  used on input line 173.
(pdftex.def)             Requested size: 252.94437pt x 180.67456pt.
<UVIS_Wide2.jpg, id=28, 505.89pt x 361.35pt>
File: UVIS_Wide2.jpg Graphic file (type jpg)
<use UVIS_Wide2.jpg>
Package pdftex.def Info: UVIS_Wide2.jpg  used on input line 177.
(pdftex.def)             Requested size: 252.94437pt x 180.67456pt.
<ACS_Wide.png, id=29, 702.625pt x 451.6875pt>
File: ACS_Wide.png Graphic file (type png)
<use ACS_Wide.png>
Package pdftex.def Info: ACS_Wide.png  used on input line 181.
(pdftex.def)             Requested size: 351.31163pt x 225.84319pt.

LaTeX Warning: Float too large for page by 87.83168pt on input line 185.


LaTeX Warning: `h' float specifier changed to `ht'.

[3] [4 <./GaiaDR2Passbands.png>] [5]

Package natbib Warning: Citation `2018A&A...619A.177B' on page 6 undefined on i
nput line 241.


Package natbib Warning: Citation `2017RSOS....470192S' on page 6 undefined on i
nput line 247.


Package natbib Warning: Citation `2017RSOS....470192S' on page 6 undefined on i
nput line 247.

[6]

Package natbib Warning: Citation `1980A&A....91..175K' on page 7 undefined on i
nput line 255.


Package natbib Warning: Citation `1989ApJ...345..245C' on page 7 undefined on i
nput line 260.


Package natbib Warning: Citation `2018MNRAS.479L.102C' on page 7 undefined on i
nput line 269.


Package natbib Warning: Citation `2002A&A...391..195G' on page 7 undefined on i
nput line 271.

[7] [8] [9 <./UVIS_Wide1.jpg> <./UVIS_Wide2.jpg> <./ACS_Wide.png>]
Chapter 3.
[10

] [11] [12]

Package natbib Warning: Citation `2014MNRAS.444..392C' on page 13 undefined on 
input line 361.

<blackbody_teff_illustration.pdf, id=71, 722.7pt x 505.89pt>
File: blackbody_teff_illustration.pdf Graphic file (type pdf)
<use blackbody_teff_illustration.pdf>
Package pdftex.def Info: blackbody_teff_illustration.pdf  used on input line 37
2.
(pdftex.def)             Requested size: 361.3491pt x 252.94437pt.
<cumulative_blackbody_teff_illustration.pdf, id=72, 722.7pt x 505.89pt>
File: cumulative_blackbody_teff_illustration.pdf Graphic file (type pdf)
<use cumulative_blackbody_teff_illustration.pdf>
Package pdftex.def Info: cumulative_blackbody_teff_illustration.pdf  used on in
put line 376.
(pdftex.def)             Requested size: 361.3491pt x 252.94437pt.

LaTeX Warning: `h' float specifier changed to `ht'.

[13] [14]

Package natbib Warning: Citation `2014MNRAS.444..392C' on page 15 undefined on 
input line 468.

[15] [16 <./blackbody_teff_illustration.pdf> <./cumulative_blackbody_teff_illus
tration.pdf

pdfTeX warning: pdflatex (file ./cumulative_blackbody_teff_illustration.pdf): P
DF inclusion: multiple pdfs with page group included in a single page
>]
Chapter 4.

Package natbib Warning: Citation `2004astro.ph..5087C' on page 17 undefined on 
input line 473.


Package natbib Warning: Citation `2018ApJ...856..125H' on page 17 undefined on 
input line 496.

[17

]

Package natbib Warning: Citation `1842RSPT..132..225F' on page 18 undefined on 
input line 508.

<../just_full_data/comb/AHub_FeHm2p0_just_Teff_fit_plot_dots.pdf, id=186, 1146.
14453pt x 1144.9494pt>
File: ../just_full_data/comb/AHub_FeHm2p0_just_Teff_fit_plot_dots.pdf Graphic f
ile (type pdf)
<use ../just_full_data/comb/AHub_FeHm2p0_just_Teff_fit_plot_dots.pdf>
Package pdftex.def Info: ../just_full_data/comb/AHub_FeHm2p0_just_Teff_fit_plot
_dots.pdf  used on input line 516.
(pdftex.def)             Requested size: 343.84601pt x 343.48747pt.
<../just_full_data/comb/AHub_FeH0p0_just_Teff_fit_plot_dots.pdf, id=187, 1146.0
3474pt x 1144.9494pt>
File: ../just_full_data/comb/AHub_FeH0p0_just_Teff_fit_plot_dots.pdf Graphic fi
le (type pdf)
<use ../just_full_data/comb/AHub_FeH0p0_just_Teff_fit_plot_dots.pdf>
Package pdftex.def Info: ../just_full_data/comb/AHub_FeH0p0_just_Teff_fit_plot_
dots.pdf  used on input line 520.
(pdftex.def)             Requested size: 343.81308pt x 343.48747pt.

LaTeX Warning: Float too large for page by 149.41432pt on input line 524.


LaTeX Warning: `h' float specifier changed to `ht'.

<../just_full_data/ACS/AHub_FeHm2p0_just_Teff_fit_plot_dots.pdf, id=188, 1145.8
2915pt x 1144.9494pt>
File: ../just_full_data/ACS/AHub_FeHm2p0_just_Teff_fit_plot_dots.pdf Graphic fi
le (type pdf)
<use ../just_full_data/ACS/AHub_FeHm2p0_just_Teff_fit_plot_dots.pdf>
Package pdftex.def Info: ../just_full_data/ACS/AHub_FeHm2p0_just_Teff_fit_plot_
dots.pdf  used on input line 528.
(pdftex.def)             Requested size: 343.75139pt x 343.48747pt.
<../just_full_data/ACS/AHub_FeH0p5_just_Teff_fit_plot_dots.pdf, id=189, 1145.71
936pt x 1144.9494pt>
File: ../just_full_data/ACS/AHub_FeH0p5_just_Teff_fit_plot_dots.pdf Graphic fil
e (type pdf)
<use ../just_full_data/ACS/AHub_FeH0p5_just_Teff_fit_plot_dots.pdf>
Package pdftex.def Info: ../just_full_data/ACS/AHub_FeH0p5_just_Teff_fit_plot_d
ots.pdf  used on input line 532.
(pdftex.def)             Requested size: 343.71846pt x 343.48747pt.

LaTeX Warning: Float too large for page by 149.41432pt on input line 536.


LaTeX Warning: `h' float specifier changed to `ht'.

[18] [19] [20] [21]
Overfull \hbox (39.12387pt too wide) in paragraph at lines 632--633
\OT1/cmr/m/n/12 50\OML/cmm/m/it/12 ; \OT1/cmr/m/n/12 000[]\OML/cmm/m/it/12 ; []
\OT1/cmr/m/n/12 (\OML/cmm/m/it/12 g\OT1/cmr/m/n/12 ) = 5\OML/cmm/m/it/12 :\OT1/
cmr/m/n/12 0\OML/cmm/m/it/12 ; \OT1/cmr/m/n/12 [\OML/cmm/m/it/12 Fe=H\OT1/cmr/m
/n/12 ][])$\T1/cmr/m/n/12 , and the sec-ond was equal to $\OT1/cmr/m/n/12 (\OML
/cmm/m/it/12 A[]=A[]\OT1/cmr/m/n/12 )[] = (\OML/cmm/m/it/12 A[]=A[]\OT1/cmr/m/n
/12 )(\OML/cmm/m/it/12 T[] \OT1/cmr/m/n/12 =
 []


Overfull \hbox (12.69702pt too wide) in paragraph at lines 641--642
[]\T1/cmr/m/n/12 The isochrone with the re-sult-ing pa-ram-e-ters were then plo
t-ted along-side the standard-
 []

[22] [23] [24 <../just_full_data/comb/AHub_FeHm2p0_just_Teff_fit_plot_dots.pdf>
 <../just_full_data/comb/AHub_FeH0p0_just_Teff_fit_plot_dots.pdf

pdfTeX warning: pdflatex (file ../just_full_data/comb/AHub_FeH0p0_just_Teff_fit
_plot_dots.pdf): PDF inclusion: multiple pdfs with page group included in a sin
gle page
>] [25 <../just_full_data/ACS/AHub_FeHm2p0_just_Teff_fit_plot_dots.pdf> <../jus
t_full_data/ACS/AHub_FeH0p5_just_Teff_fit_plot_dots.pdf

pdfTeX warning: pdflatex (file ../just_full_data/ACS/AHub_FeH0p5_just_Teff_fit_
plot_dots.pdf): PDF inclusion: multiple pdfs with page group included in a sing
le page
>]
Chapter 5.

Overfull \hbox (11.01044pt too wide) in paragraph at lines 648--684
 [] 
 []


Package natbib Warning: Citation `1989ApJ...345..245C' on page 26 undefined on 
input line 711.

<../basti_isochrones_10_13Gyr/Extinction_T5k_FeH0fix_func_f435wACS_f435wACSmf81
4wACS_500_400_600_Myr_FeH_0p002_ref_noext_Av_1p0.pdf, id=873, 1149.32831pt x 11
48.43434pt>
File: ../basti_isochrones_10_13Gyr/Extinction_T5k_FeH0fix_func_f435wACS_f435wAC
Smf814wACS_500_400_600_Myr_FeH_0p002_ref_noext_Av_1p0.pdf Graphic file (type pd
f)
<use ../basti_isochrones_10_13Gyr/Extinction_T5k_FeH0fix_func_f435wACS_f435wACS
mf814wACS_500_400_600_Myr_FeH_0p002_ref_noext_Av_1p0.pdf>
Package pdftex.def Info: ../basti_isochrones_10_13Gyr/Extinction_T5k_FeH0fix_fu
nc_f435wACS_f435wACSmf814wACS_500_400_600_Myr_FeH_0p002_ref_noext_Av_1p0.pdf  u
sed on input line 721.
(pdftex.def)             Requested size: 344.80115pt x 344.53296pt.

LaTeX Warning: `h' float specifier changed to `ht'.

<../basti_isochrones_10_13Gyr/Extinction_T50k_FeH0fix_func_f435wACS_f435wACSmf8
14wACS_500_400_600_Myr_FeH_0p002_ref_noext_Av_1p0.pdf, id=874, 1149.32831pt x 1
148.43434pt>
File: ../basti_isochrones_10_13Gyr/Extinction_T50k_FeH0fix_func_f435wACS_f435wA
CSmf814wACS_500_400_600_Myr_FeH_0p002_ref_noext_Av_1p0.pdf Graphic file (type p
df)
<use ../basti_isochrones_10_13Gyr/Extinction_T50k_FeH0fix_func_f435wACS_f435wAC
Smf814wACS_500_400_600_Myr_FeH_0p002_ref_noext_Av_1p0.pdf>
Package pdftex.def Info: ../basti_isochrones_10_13Gyr/Extinction_T50k_FeH0fix_f
unc_f435wACS_f435wACSmf814wACS_500_400_600_Myr_FeH_0p002_ref_noext_Av_1p0.pdf  
used on input line 729.
(pdftex.def)             Requested size: 344.80115pt x 344.53296pt.

LaTeX Warning: `h' float specifier changed to `ht'.

<../basti_isochrones_10_13Gyr/Extinction_T5k_FeH0fix_func_f555w_f555wmf814w_500
_400_600_Myr_FeH_0p002_ref_noext_Av_1p0.pdf, id=875, 1149.344pt x 1148.43434pt>

File: ../basti_isochrones_10_13Gyr/Extinction_T5k_FeH0fix_func_f555w_f555wmf814
w_500_400_600_Myr_FeH_0p002_ref_noext_Av_1p0.pdf Graphic file (type pdf)
<use ../basti_isochrones_10_13Gyr/Extinction_T5k_FeH0fix_func_f555w_f555wmf814w
_500_400_600_Myr_FeH_0p002_ref_noext_Av_1p0.pdf>
Package pdftex.def Info: ../basti_isochrones_10_13Gyr/Extinction_T5k_FeH0fix_fu
nc_f555w_f555wmf814w_500_400_600_Myr_FeH_0p002_ref_noext_Av_1p0.pdf  used on in
put line 741.
(pdftex.def)             Requested size: 344.80586pt x 344.53296pt.

LaTeX Warning: `h' float specifier changed to `ht'.

<../basti_isochrones_10_13Gyr/Extinction_T50k_FeH0fix_func_f555w_f555wmf814w_50
0_400_600_Myr_FeH_0p002_ref_noext_Av_1p0.pdf, id=876, 1149.344pt x 1148.43434pt
>
File: ../basti_isochrones_10_13Gyr/Extinction_T50k_FeH0fix_func_f555w_f555wmf81
4w_500_400_600_Myr_FeH_0p002_ref_noext_Av_1p0.pdf Graphic file (type pdf)
<use ../basti_isochrones_10_13Gyr/Extinction_T50k_FeH0fix_func_f555w_f555wmf814
w_500_400_600_Myr_FeH_0p002_ref_noext_Av_1p0.pdf>
Package pdftex.def Info: ../basti_isochrones_10_13Gyr/Extinction_T50k_FeH0fix_f
unc_f555w_f555wmf814w_500_400_600_Myr_FeH_0p002_ref_noext_Av_1p0.pdf  used on i
nput line 749.
(pdftex.def)             Requested size: 344.80586pt x 344.53296pt.

LaTeX Warning: `h' float specifier changed to `ht'.

<../basti_isochrones_10_13Gyr/Extinction_T5k_FeH0fix_func_f814w_f275wmf814w_500
_400_600_Myr_FeH_0p002_ref_noext_Av_1p0.pdf, id=877, 1149.344pt x 1148.43434pt>

File: ../basti_isochrones_10_13Gyr/Extinction_T5k_FeH0fix_func_f814w_f275wmf814
w_500_400_600_Myr_FeH_0p002_ref_noext_Av_1p0.pdf Graphic file (type pdf)
<use ../basti_isochrones_10_13Gyr/Extinction_T5k_FeH0fix_func_f814w_f275wmf814w
_500_400_600_Myr_FeH_0p002_ref_noext_Av_1p0.pdf>
Package pdftex.def Info: ../basti_isochrones_10_13Gyr/Extinction_T5k_FeH0fix_fu
nc_f814w_f275wmf814w_500_400_600_Myr_FeH_0p002_ref_noext_Av_1p0.pdf  used on in
put line 757.
(pdftex.def)             Requested size: 344.80586pt x 344.53296pt.

LaTeX Warning: `h' float specifier changed to `ht'.

<../basti_isochrones_10_13Gyr/Extinction_T50k_FeH0fix_func_f814w_f275wmf814w_50
0_400_600_Myr_FeH_0p002_ref_noext_Av_1p0.pdf, id=878, 1149.344pt x 1148.43434pt
>
File: ../basti_isochrones_10_13Gyr/Extinction_T50k_FeH0fix_func_f814w_f275wmf81
4w_500_400_600_Myr_FeH_0p002_ref_noext_Av_1p0.pdf Graphic file (type pdf)
<use ../basti_isochrones_10_13Gyr/Extinction_T50k_FeH0fix_func_f814w_f275wmf814
w_500_400_600_Myr_FeH_0p002_ref_noext_Av_1p0.pdf>
Package pdftex.def Info: ../basti_isochrones_10_13Gyr/Extinction_T50k_FeH0fix_f
unc_f814w_f275wmf814w_500_400_600_Myr_FeH_0p002_ref_noext_Av_1p0.pdf  used on i
nput line 765.
(pdftex.def)             Requested size: 344.80586pt x 344.53296pt.

LaTeX Warning: `h' float specifier changed to `ht'.

[26

] [27]
<../basti_isochrones_10_13Gyr/Extinction_T5k_FeH0fix_func_G_GbpmGrp_500_400_600
_Myr_FeH_0p002_ref_noext_Av_1p0.pdf, id=887, 1149.344pt x 1148.43434pt>
File: ../basti_isochrones_10_13Gyr/Extinction_T5k_FeH0fix_func_G_GbpmGrp_500_40
0_600_Myr_FeH_0p002_ref_noext_Av_1p0.pdf Graphic file (type pdf)
<use ../basti_isochrones_10_13Gyr/Extinction_T5k_FeH0fix_func_G_GbpmGrp_500_400
_600_Myr_FeH_0p002_ref_noext_Av_1p0.pdf>
Package pdftex.def Info: ../basti_isochrones_10_13Gyr/Extinction_T5k_FeH0fix_fu
nc_G_GbpmGrp_500_400_600_Myr_FeH_0p002_ref_noext_Av_1p0.pdf  used on input line
 777.
(pdftex.def)             Requested size: 344.80586pt x 344.53296pt.


LaTeX Warning: `h' float specifier changed to `ht'.

<../basti_isochrones_10_13Gyr/Extinction_T50k_FeH0fix_func_G_GbpmGrp_500_400_60
0_Myr_FeH_0p002_ref_noext_Av_1p0.pdf, id=888, 1149.344pt x 1148.43434pt>
File: ../basti_isochrones_10_13Gyr/Extinction_T50k_FeH0fix_func_G_GbpmGrp_500_4
00_600_Myr_FeH_0p002_ref_noext_Av_1p0.pdf Graphic file (type pdf)
<use ../basti_isochrones_10_13Gyr/Extinction_T50k_FeH0fix_func_G_GbpmGrp_500_40
0_600_Myr_FeH_0p002_ref_noext_Av_1p0.pdf>
Package pdftex.def Info: ../basti_isochrones_10_13Gyr/Extinction_T50k_FeH0fix_f
unc_G_GbpmGrp_500_400_600_Myr_FeH_0p002_ref_noext_Av_1p0.pdf  used on input lin
e 785.
(pdftex.def)             Requested size: 344.80586pt x 344.53296pt.

LaTeX Warning: `h' float specifier changed to `ht'.

[28 <../basti_isochrones_10_13Gyr/Extinction_T5k_FeH0fix_func_f435wACS_f435wACS
mf814wACS_500_400_600_Myr_FeH_0p002_ref_noext_Av_1p0.pdf>]
<../NGC_6793_CMD_FeH_0p002_0p198_Av_1p0_600Myr_isochrones_both_errorbars_T5k.pd
f, id=928, 1156.32pt x 1156.32pt>
File: ../NGC_6793_CMD_FeH_0p002_0p198_Av_1p0_600Myr_isochrones_both_errorbars_T
5k.pdf Graphic file (type pdf)
<use ../NGC_6793_CMD_FeH_0p002_0p198_Av_1p0_600Myr_isochrones_both_errorbars_T5
k.pdf>
Package pdftex.def Info: ../NGC_6793_CMD_FeH_0p002_0p198_Av_1p0_600Myr_isochron
es_both_errorbars_T5k.pdf  used on input line 824.
(pdftex.def)             Requested size: 346.89868pt x 346.89868pt.


LaTeX Warning: `h' float specifier changed to `ht'.

[29 <../basti_isochrones_10_13Gyr/Extinction_T50k_FeH0fix_func_f435wACS_f435wAC
Smf814wACS_500_400_600_Myr_FeH_0p002_ref_noext_Av_1p0.pdf>] [30 <../basti_isoch
rones_10_13Gyr/Extinction_T5k_FeH0fix_func_f555w_f555wmf814w_500_400_600_Myr_Fe
H_0p002_ref_noext_Av_1p0.pdf>] [31 <../basti_isochrones_10_13Gyr/Extinction_T50
k_FeH0fix_func_f555w_f555wmf814w_500_400_600_Myr_FeH_0p002_ref_noext_Av_1p0.pdf
>] [32 <../basti_isochrones_10_13Gyr/Extinction_T5k_FeH0fix_func_f814w_f275wmf8
14w_500_400_600_Myr_FeH_0p002_ref_noext_Av_1p0.pdf>] [33 <../basti_isochrones_1
0_13Gyr/Extinction_T50k_FeH0fix_func_f814w_f275wmf814w_500_400_600_Myr_FeH_0p00
2_ref_noext_Av_1p0.pdf>] [34 <../basti_isochrones_10_13Gyr/Extinction_T5k_FeH0f
ix_func_G_GbpmGrp_500_400_600_Myr_FeH_0p002_ref_noext_Av_1p0.pdf>] [35 <../bast
i_isochrones_10_13Gyr/Extinction_T50k_FeH0fix_func_G_GbpmGrp_500_400_600_Myr_Fe
H_0p002_ref_noext_Av_1p0.pdf>] [36 <../NGC_6793_CMD_FeH_0p002_0p198_Av_1p0_600M
yr_isochrones_both_errorbars_T5k.pdf>]
Chapter 6.
(mphil_thesis.bbl [37

]
! Undefined control sequence.
\mn@doi@ ...://dx.doi.org/#2} {doi:#2}\else \href 
                                                  {http://dx.doi.org/#2} {#1...
l.23   {10.1051/0004-6361/201832843}
                                    , \href
The control sequence at the end of the top line
of your error message was never \def'ed. If you have
misspelled it (e.g., `\hobx'), type `I' and the correct
spelling (e.g., `I\hbox'). Otherwise just continue,
and I'll forget about whatever was undefined.

! Undefined control sequence.
l.23   {10.1051/0004-6361/201832843}, \href
                                           
The control sequence at the end of the top line
of your error message was never \def'ed. If you have
misspelled it (e.g., `\hobx'), type `I' and the correct
spelling (e.g., `I\hbox'). Otherwise just continue,
and I'll forget about whatever was undefined.

! Undefined control sequence.
\mn@doi@ ...://dx.doi.org/#2} {doi:#2}\else \href 
                                                  {http://dx.doi.org/#2} {#1...
l.33 ...mn@doi [\aap] {10.1051/0004-6361:20042523}
                                                  , \href
The control sequence at the end of the top line
of your error message was never \def'ed. If you have
misspelled it (e.g., `\hobx'), type `I' and the correct
spelling (e.g., `I\hbox'). Otherwise just continue,
and I'll forget about whatever was undefined.

! Undefined control sequence.
l.33 ...[\aap] {10.1051/0004-6361:20042523}, \href
                                                  
The control sequence at the end of the top line
of your error message was never \def'ed. If you have
misspelled it (e.g., `\hobx'), type `I' and the correct
spelling (e.g., `I\hbox'). Otherwise just continue,
and I'll forget about whatever was undefined.


Underfull \hbox (badness 10000) in paragraph at lines 32--35
[]\T1/cmr/m/n/12 Kharchenko N. V., Piskunov A. E., Röser S., Schilbach E., Scho
lz
 []


Underfull \hbox (badness 10000) in paragraph at lines 32--35
\T1/cmr/m/n/12 R.-D., 2005, http://dx.doi.org/10.1051/0004-6361:20042523 A&A,
 []

! Undefined control sequence.
\mn@doi@ ...://dx.doi.org/#2} {doi:#2}\else \href 
                                                  {http://dx.doi.org/#2} {#1...
l.39 ...mn@doi [\aap] {10.1051/0004-6361:20054663}
                                                  , \href
The control sequence at the end of the top line
of your error message was never \def'ed. If you have
misspelled it (e.g., `\hobx'), type `I' and the correct
spelling (e.g., `I\hbox'). Otherwise just continue,
and I'll forget about whatever was undefined.

! Undefined control sequence.
l.39 ...[\aap] {10.1051/0004-6361:20054663}, \href
                                                  
The control sequence at the end of the top line
of your error message was never \def'ed. If you have
misspelled it (e.g., `\hobx'), type `I' and the correct
spelling (e.g., `I\hbox'). Otherwise just continue,
and I'll forget about whatever was undefined.


Underfull \hbox (badness 10000) in paragraph at lines 38--41
[]\T1/cmr/m/n/12 Schilbach E., Kharchenko N. V., Piskunov A. E., Röser S., Scho
lz
 []


Underfull \hbox (badness 10000) in paragraph at lines 38--41
\T1/cmr/m/n/12 R.-D., 2006, http://dx.doi.org/10.1051/0004-6361:20054663 A&A,
 []

! Missing } inserted.
<inserted text> 
                }
l.43 \end{thebibliography}
                          
I've inserted something that you may have forgotten.
(See the <inserted text> above.)
With luck, this will get me unwedged. But if you
really didn't forget anything, try typing `2' now; then
my insertion and my current dilemma will both disappear.

! Missing } inserted.
<inserted text> 
                }
l.43 \end{thebibliography}
                          
I've inserted something that you may have forgotten.
(See the <inserted text> above.)
With luck, this will get me unwedged. But if you
really didn't forget anything, try typing `2' now; then
my insertion and my current dilemma will both disappear.

! Missing } inserted.
<inserted text> 
                }
l.43 \end{thebibliography}
                          
I've inserted something that you may have forgotten.
(See the <inserted text> above.)
With luck, this will get me unwedged. But if you
really didn't forget anything, try typing `2' now; then
my insertion and my current dilemma will both disappear.

)

Package natbib Warning: There were undefined citations.

[38

] (mphil_thesis.aux)

LaTeX Warning: There were multiply-defined labels.

 ) 
Here is how much of TeX's memory you used:
 5626 strings out of 492945
 90225 string characters out of 3125809
 175175 words of memory out of 3000000
 9362 multiletter control sequences out of 15000+200000
 21250 words of font info for 56 fonts, out of 3000000 for 9000
 1141 hyphenation exceptions out of 8191
 42i,19n,43p,1794b,564s stack positions out of 5000i,500n,10000p,200000b,50000s
 <C:\Users\AlexLW\AppData\Local\MiKTeX\2.9\fonts/pk/ljfour/jknappen/ec/dpi600
\ecbx1440.pk> <C:\Users\AlexLW\AppData\Local\MiKTeX\2.9\fonts/pk/ljfour/jknappe
n/ec/dpi600\ectt1095.pk> <C:\Users\AlexLW\AppData\Local\MiKTeX\2.9\fonts/pk/ljf
our/jknappen/ec/dpi600\ecrm1095.pk> <C:\Users\AlexLW\AppData\Local\MiKTeX\2.9\f
onts/pk/ljfour/jknappen/ec/dpi600\ecsl1200.pk> <C:\Users\AlexLW\AppData\Local\M
iKTeX\2.9\fonts/pk/ljfour/jknappen/ec/dpi600\ecbx1728.pk> <C:\Users\AlexLW\AppD
ata\Local\MiKTeX\2.9\fonts/pk/ljfour/jknappen/ec/dpi600\ecrm0800.pk> <C:\Users\
AlexLW\AppData\Local\MiKTeX\2.9\fonts/pk/ljfour/jknappen/ec/dpi600\ecbx2488.pk>
 <C:\Users\AlexLW\AppData\Local\MiKTeX\2.9\fonts/pk/ljfour/jknappen/ec/dpi600\e
cbx1200.pk> <C:\Users\AlexLW\AppData\Local\MiKTeX\2.9\fonts/pk/ljfour/jknappen/
ec/dpi600\ecrm1200.pk> <C:\Users\AlexLW\AppData\Local\MiKTeX\2.9\fonts/pk/ljfou
r/jknappen/ec/dpi600\eccc2488.pk><C:/Users/AlexLW/AppData/Local/Programs/MiKTeX
 2.9/fonts/type1/public/amsfonts/cm/cmex10.pfb><C:/Users/AlexLW/AppData/Local/P
rograms/MiKTeX 2.9/fonts/type1/public/amsfonts/cm/cmmi10.pfb><C:/Users/AlexLW/A
ppData/Local/Programs/MiKTeX 2.9/fonts/type1/public/amsfonts/cm/cmmi12.pfb><C:/
Users/AlexLW/AppData/Local/Programs/MiKTeX 2.9/fonts/type1/public/amsfonts/cm/c
mmi6.pfb><C:/Users/AlexLW/AppData/Local/Programs/MiKTeX 2.9/fonts/type1/public/
amsfonts/cm/cmmi8.pfb><C:/Users/AlexLW/AppData/Local/Programs/MiKTeX 2.9/fonts/
type1/public/amsfonts/cm/cmr10.pfb><C:/Users/AlexLW/AppData/Local/Programs/MiKT
eX 2.9/fonts/type1/public/amsfonts/cm/cmr12.pfb><C:/Users/AlexLW/AppData/Local/
Programs/MiKTeX 2.9/fonts/type1/public/amsfonts/cm/cmr6.pfb><C:/Users/AlexLW/Ap
pData/Local/Programs/MiKTeX 2.9/fonts/type1/public/amsfonts/cm/cmr8.pfb><C:/Use
rs/AlexLW/AppData/Local/Programs/MiKTeX 2.9/fonts/type1/public/amsfonts/cm/cmsy
10.pfb><C:/Users/AlexLW/AppData/Local/Programs/MiKTeX 2.9/fonts/type1/public/am
sfonts/cm/cmsy8.pfb><C:/Users/AlexLW/AppData/Local/Programs/MiKTeX 2.9/fonts/ty
pe1/public/amsfonts/symbols/msam10.pfb><C:/Users/AlexLW/AppData/Local/Programs/
MiKTeX 2.9/fonts/type1/public/amsfonts/symbols/msbm10.pfb>
Output written on mphil_thesis.pdf (40 pages, 1282905 bytes).
PDF statistics:
 1686 PDF objects out of 1728 (max. 8388607)
 0 named destinations out of 1000 (max. 500000)
 96 words of extra memory for PDF output out of 10000 (max. 10000000)

